Started GET "/" for 127.0.0.1 at 2017-12-06 04:35:50 +0500
  [1m[35m (1.2ms)[0m  [1m[34mSELECT "schema_migrations"."version" FROM "schema_migrations" ORDER BY "schema_migrations"."version" ASC[0m
Processing by VisitorsController#index as HTML
  Rendering visitors/index.html.erb within layouts/application
  Rendered visitors/index.html.erb within layouts/application (11403.8ms)
  Rendered layouts/_navigation.html.erb (1.9ms)
  Rendered layouts/_messages.html.erb (0.4ms)
Completed 200 OK in 11594ms (Views: 11573.3ms | ActiveRecord: 0.0ms)


Started GET "/users/sign_in" for 127.0.0.1 at 2017-12-06 04:36:28 +0500
Processing by Devise::SessionsController#new as HTML
  Rendering devise/sessions/new.html.erb within layouts/application
  Rendered devise/sessions/new.html.erb within layouts/application (113.1ms)
  Rendered layouts/_navigation.html.erb (1.9ms)
  Rendered layouts/_messages.html.erb (0.4ms)
Completed 200 OK in 291ms (Views: 247.8ms | ActiveRecord: 7.3ms)


Started POST "/users/sign_in" for 127.0.0.1 at 2017-12-06 04:36:31 +0500
Processing by Devise::SessionsController#create as HTML
  Parameters: {"utf8"=>"✓", "authenticity_token"=>"FgCmaDAT6MIiGrDHVBO6gXQH+3owpWIxWUFCGVElgJrm7zPqB1VF9b3xqv7H1hoW64avJXzvSzXVp7V9/0dKBQ==", "user"=>{"email"=>"mariaarif110@gmail.com", "password"=>"[FILTERED]", "remember_me"=>"0"}, "commit"=>"Sign in"}
  [1m[36mUser Load (1.4ms)[0m  [1m[34mSELECT  "users".* FROM "users" WHERE "users"."email" = $1 ORDER BY "users"."id" ASC LIMIT $2[0m  [["email", "mariaarif110@gmail.com"], ["LIMIT", 1]]
  [1m[35m (0.2ms)[0m  [1m[35mBEGIN[0m
  [1m[35mSQL (0.5ms)[0m  [1m[33mUPDATE "users" SET "current_sign_in_at" = $1, "last_sign_in_at" = $2, "sign_in_count" = $3, "updated_at" = $4 WHERE "users"."id" = $5[0m  [["current_sign_in_at", "2017-12-05 23:36:31.473375"], ["last_sign_in_at", "2017-12-05 18:56:21.778649"], ["sign_in_count", 3], ["updated_at", "2017-12-05 23:36:31.474898"], ["id", 2]]
  [1m[35m (1.0ms)[0m  [1m[35mCOMMIT[0m
Redirected to http://localhost:3000/
Completed 302 Found in 353ms (ActiveRecord: 3.1ms)


Started GET "/" for 127.0.0.1 at 2017-12-06 04:36:31 +0500
Processing by VisitorsController#index as HTML
  Rendering visitors/index.html.erb within layouts/application
  [1m[36mUser Load (1.6ms)[0m  [1m[34mSELECT  "users".* FROM "users" WHERE "users"."id" = $1 ORDER BY "users"."id" ASC LIMIT $2[0m  [["id", 2], ["LIMIT", 1]]
  Rendered visitors/index.html.erb within layouts/application (12.1ms)
  Rendered layouts/_navigation.html.erb (3.0ms)
  Rendered layouts/_messages.html.erb (11.5ms)
Completed 200 OK in 125ms (Views: 113.7ms | ActiveRecord: 1.6ms)


Started GET "/companies" for 127.0.0.1 at 2017-12-06 04:36:48 +0500
Processing by CompaniesController#index as HTML
  [1m[36mUser Load (0.5ms)[0m  [1m[34mSELECT  "users".* FROM "users" WHERE "users"."id" = $1 ORDER BY "users"."id" ASC LIMIT $2[0m  [["id", 2], ["LIMIT", 1]]
  Rendering companies/index.html.erb within layouts/application
  [1m[36mCompany Load (15.7ms)[0m  [1m[34mSELECT "companies".* FROM "companies" INNER JOIN "company_users" ON "companies"."id" = "company_users"."company_id" WHERE "company_users"."user_id" = $1[0m  [["user_id", 2]]
  Rendered companies/index.html.erb within layouts/application (38.2ms)
  Rendered layouts/_navigation.html.erb (1.2ms)
  Rendered layouts/_messages.html.erb (0.5ms)
Completed 200 OK in 223ms (Views: 69.5ms | ActiveRecord: 28.2ms)


Started GET "/companies/new" for 127.0.0.1 at 2017-12-06 04:36:58 +0500
Processing by CompaniesController#new as HTML
  Rendering companies/new.html.erb within layouts/application
  Rendered companies/_form.html.erb (8.9ms)
  Rendered companies/new.html.erb within layouts/application (78.1ms)
  [1m[36mUser Load (0.5ms)[0m  [1m[34mSELECT  "users".* FROM "users" WHERE "users"."id" = $1 ORDER BY "users"."id" ASC LIMIT $2[0m  [["id", 2], ["LIMIT", 1]]
  Rendered layouts/_navigation.html.erb (2.7ms)
  Rendered layouts/_messages.html.erb (0.5ms)
Completed 200 OK in 153ms (Views: 134.2ms | ActiveRecord: 0.5ms)


Started GET "/department" for 127.0.0.1 at 2017-12-06 04:37:26 +0500
  
ActionController::RoutingError (No route matches [GET] "/department"):
  
actionpack (5.1.4) lib/action_dispatch/middleware/debug_exceptions.rb:63:in `call'
web-console (3.5.1) lib/web_console/middleware.rb:135:in `call_app'
web-console (3.5.1) lib/web_console/middleware.rb:28:in `block in call'
web-console (3.5.1) lib/web_console/middleware.rb:18:in `catch'
web-console (3.5.1) lib/web_console/middleware.rb:18:in `call'
actionpack (5.1.4) lib/action_dispatch/middleware/show_exceptions.rb:31:in `call'
railties (5.1.4) lib/rails/rack/logger.rb:36:in `call_app'
railties (5.1.4) lib/rails/rack/logger.rb:24:in `block in call'
activesupport (5.1.4) lib/active_support/tagged_logging.rb:69:in `block in tagged'
activesupport (5.1.4) lib/active_support/tagged_logging.rb:26:in `tagged'
activesupport (5.1.4) lib/active_support/tagged_logging.rb:69:in `tagged'
railties (5.1.4) lib/rails/rack/logger.rb:24:in `call'
sprockets-rails (3.2.1) lib/sprockets/rails/quiet_assets.rb:13:in `call'
actionpack (5.1.4) lib/action_dispatch/middleware/remote_ip.rb:79:in `call'
actionpack (5.1.4) lib/action_dispatch/middleware/request_id.rb:25:in `call'
rack (2.0.3) lib/rack/method_override.rb:22:in `call'
rack (2.0.3) lib/rack/runtime.rb:22:in `call'
activesupport (5.1.4) lib/active_support/cache/strategy/local_cache_middleware.rb:27:in `call'
actionpack (5.1.4) lib/action_dispatch/middleware/executor.rb:12:in `call'
actionpack (5.1.4) lib/action_dispatch/middleware/static.rb:125:in `call'
rack (2.0.3) lib/rack/sendfile.rb:111:in `call'
railties (5.1.4) lib/rails/engine.rb:522:in `call'
puma (3.10.0) lib/puma/configuration.rb:225:in `call'
puma (3.10.0) lib/puma/server.rb:605:in `handle_request'
puma (3.10.0) lib/puma/server.rb:437:in `process_client'
puma (3.10.0) lib/puma/server.rb:301:in `block in run'
puma (3.10.0) lib/puma/thread_pool.rb:120:in `block in spawn_thread'
Started GET "/departments/" for 127.0.0.1 at 2017-12-06 04:37:30 +0500
Processing by DepartmentsController#index as HTML
  Rendering departments/index.html.erb within layouts/application
  [1m[36mDepartment Load (0.9ms)[0m  [1m[34mSELECT "departments".* FROM "departments"[0m
  Rendered departments/index.html.erb within layouts/application (34.9ms)
  [1m[36mUser Load (0.4ms)[0m  [1m[34mSELECT  "users".* FROM "users" WHERE "users"."id" = $1 ORDER BY "users"."id" ASC LIMIT $2[0m  [["id", 2], ["LIMIT", 1]]
  Rendered layouts/_navigation.html.erb (3.0ms)
  Rendered layouts/_messages.html.erb (0.4ms)
Completed 200 OK in 130ms (Views: 113.6ms | ActiveRecord: 7.8ms)


Started GET "/" for 127.0.0.1 at 2017-12-06 04:37:55 +0500
Processing by VisitorsController#index as HTML
  Rendering visitors/index.html.erb within layouts/application
  [1m[36mUser Load (0.5ms)[0m  [1m[34mSELECT  "users".* FROM "users" WHERE "users"."id" = $1 ORDER BY "users"."id" ASC LIMIT $2[0m  [["id", 2], ["LIMIT", 1]]
  Rendered visitors/index.html.erb within layouts/application (15.8ms)
  Rendered layouts/_navigation.html.erb (1.1ms)
  Rendered layouts/_messages.html.erb (0.4ms)
Completed 200 OK in 98ms (Views: 93.5ms | ActiveRecord: 0.5ms)


Started GET "/" for 127.0.0.1 at 2017-12-06 04:37:56 +0500
Processing by VisitorsController#index as HTML
  Rendering visitors/index.html.erb within layouts/application
  [1m[36mUser Load (1.2ms)[0m  [1m[34mSELECT  "users".* FROM "users" WHERE "users"."id" = $1 ORDER BY "users"."id" ASC LIMIT $2[0m  [["id", 2], ["LIMIT", 1]]
  Rendered visitors/index.html.erb within layouts/application (14.3ms)
  Rendered layouts/_navigation.html.erb (1.2ms)
  Rendered layouts/_messages.html.erb (0.4ms)
Completed 200 OK in 84ms (Views: 79.9ms | ActiveRecord: 1.2ms)


Started GET "/" for 127.0.0.1 at 2017-12-06 04:37:58 +0500
Processing by VisitorsController#index as HTML
  Rendering visitors/index.html.erb within layouts/application
  [1m[36mUser Load (0.4ms)[0m  [1m[34mSELECT  "users".* FROM "users" WHERE "users"."id" = $1 ORDER BY "users"."id" ASC LIMIT $2[0m  [["id", 2], ["LIMIT", 1]]
  Rendered visitors/index.html.erb within layouts/application (30.1ms)
  Rendered layouts/_navigation.html.erb (1.2ms)
  Rendered layouts/_messages.html.erb (0.4ms)
Completed 200 OK in 119ms (Views: 111.1ms | ActiveRecord: 0.4ms)


Started GET "/departments/1" for 127.0.0.1 at 2017-12-06 04:38:05 +0500
Processing by DepartmentsController#show as HTML
  Parameters: {"id"=>"1"}
  [1m[36mDepartment Load (0.4ms)[0m  [1m[34mSELECT  "departments".* FROM "departments" WHERE "departments"."id" = $1 LIMIT $2[0m  [["id", 1], ["LIMIT", 1]]
  Rendering departments/show.html.erb within layouts/application
  Rendered departments/show.html.erb within layouts/application (0.9ms)
  [1m[36mUser Load (0.4ms)[0m  [1m[34mSELECT  "users".* FROM "users" WHERE "users"."id" = $1 ORDER BY "users"."id" ASC LIMIT $2[0m  [["id", 2], ["LIMIT", 1]]
  Rendered layouts/_navigation.html.erb (2.7ms)
  Rendered layouts/_messages.html.erb (0.4ms)
Completed 200 OK in 92ms (Views: 82.8ms | ActiveRecord: 2.0ms)


Started GET "/departments" for 127.0.0.1 at 2017-12-06 04:38:08 +0500
Processing by DepartmentsController#index as HTML
  Rendering departments/index.html.erb within layouts/application
  [1m[36mDepartment Load (2.5ms)[0m  [1m[34mSELECT "departments".* FROM "departments"[0m
  Rendered departments/index.html.erb within layouts/application (13.5ms)
  [1m[36mUser Load (0.4ms)[0m  [1m[34mSELECT  "users".* FROM "users" WHERE "users"."id" = $1 ORDER BY "users"."id" ASC LIMIT $2[0m  [["id", 2], ["LIMIT", 1]]
  Rendered layouts/_navigation.html.erb (2.6ms)
  Rendered layouts/_messages.html.erb (0.3ms)
Completed 200 OK in 114ms (Views: 103.8ms | ActiveRecord: 2.9ms)


Started GET "/departments/1/edit" for 127.0.0.1 at 2017-12-06 04:38:13 +0500
Processing by DepartmentsController#edit as HTML
  Parameters: {"id"=>"1"}
  [1m[36mDepartment Load (1.9ms)[0m  [1m[34mSELECT  "departments".* FROM "departments" WHERE "departments"."id" = $1 LIMIT $2[0m  [["id", 1], ["LIMIT", 1]]
  Rendering departments/edit.html.erb within layouts/application
  Rendered departments/_form.html.erb (10.0ms)
  Rendered departments/edit.html.erb within layouts/application (23.3ms)
  [1m[36mUser Load (0.4ms)[0m  [1m[34mSELECT  "users".* FROM "users" WHERE "users"."id" = $1 ORDER BY "users"."id" ASC LIMIT $2[0m  [["id", 2], ["LIMIT", 1]]
  Rendered layouts/_navigation.html.erb (2.6ms)
  Rendered layouts/_messages.html.erb (0.6ms)
Completed 200 OK in 112ms (Views: 106.0ms | ActiveRecord: 2.2ms)


Started GET "/departments/1" for 127.0.0.1 at 2017-12-06 04:38:16 +0500
Processing by DepartmentsController#show as HTML
  Parameters: {"id"=>"1"}
  [1m[36mDepartment Load (1.0ms)[0m  [1m[34mSELECT  "departments".* FROM "departments" WHERE "departments"."id" = $1 LIMIT $2[0m  [["id", 1], ["LIMIT", 1]]
  Rendering departments/show.html.erb within layouts/application
  Rendered departments/show.html.erb within layouts/application (1.3ms)
  [1m[36mUser Load (1.8ms)[0m  [1m[34mSELECT  "users".* FROM "users" WHERE "users"."id" = $1 ORDER BY "users"."id" ASC LIMIT $2[0m  [["id", 2], ["LIMIT", 1]]
  Rendered layouts/_navigation.html.erb (6.7ms)
  Rendered layouts/_messages.html.erb (0.5ms)
Completed 200 OK in 135ms (Views: 120.9ms | ActiveRecord: 2.8ms)


Started GET "/departments" for 127.0.0.1 at 2017-12-06 04:38:18 +0500
Processing by DepartmentsController#index as HTML
  Rendering departments/index.html.erb within layouts/application
  [1m[36mDepartment Load (0.6ms)[0m  [1m[34mSELECT "departments".* FROM "departments"[0m
  Rendered departments/index.html.erb within layouts/application (5.3ms)
  [1m[36mUser Load (0.4ms)[0m  [1m[34mSELECT  "users".* FROM "users" WHERE "users"."id" = $1 ORDER BY "users"."id" ASC LIMIT $2[0m  [["id", 2], ["LIMIT", 1]]
  Rendered layouts/_navigation.html.erb (3.0ms)
  Rendered layouts/_messages.html.erb (0.4ms)
Completed 200 OK in 119ms (Views: 115.6ms | ActiveRecord: 1.0ms)


  [1m[35m (0.2ms)[0m  [1m[34mSELECT pg_try_advisory_lock(5606644201848270315)[0m
  [1m[35m (0.4ms)[0m  [1m[34mSELECT "schema_migrations"."version" FROM "schema_migrations" ORDER BY "schema_migrations"."version" ASC[0m
  [1m[36mActiveRecord::InternalMetadata Load (0.2ms)[0m  [1m[34mSELECT  "ar_internal_metadata".* FROM "ar_internal_metadata" WHERE "ar_internal_metadata"."key" = $1 LIMIT $2[0m  [["key", "environment"], ["LIMIT", 1]]
  [1m[35m (0.1ms)[0m  [1m[35mBEGIN[0m
  [1m[35m (0.1ms)[0m  [1m[35mCOMMIT[0m
  [1m[35m (0.2ms)[0m  [1m[34mSELECT pg_advisory_unlock(5606644201848270315)[0m
  [1m[35m (0.2ms)[0m  [1m[34mSELECT "schema_migrations"."version" FROM "schema_migrations" ORDER BY "schema_migrations"."version" ASC[0m
Started GET "/departments" for 127.0.0.1 at 2017-12-06 04:48:44 +0500
  [1m[35m (1.7ms)[0m  [1m[34mSELECT "schema_migrations"."version" FROM "schema_migrations" ORDER BY "schema_migrations"."version" ASC[0m
Processing by DepartmentsController#index as HTML
  Rendering departments/index.html.erb within layouts/application
  [1m[36mDepartment Load (0.4ms)[0m  [1m[34mSELECT "departments".* FROM "departments"[0m
  Rendered departments/index.html.erb within layouts/application (28.1ms)
  [1m[36mUser Load (2.2ms)[0m  [1m[34mSELECT  "users".* FROM "users" WHERE "users"."id" = $1 ORDER BY "users"."id" ASC LIMIT $2[0m  [["id", 2], ["LIMIT", 1]]
  Rendered layouts/_navigation.html.erb (34.1ms)
  Rendered layouts/_messages.html.erb (0.3ms)
Completed 200 OK in 473ms (Views: 430.3ms | ActiveRecord: 20.9ms)


Started GET "/projects" for 127.0.0.1 at 2017-12-06 04:48:53 +0500
Processing by ProjectsController#index as HTML
  Rendering projects/index.html.erb within layouts/application
  [1m[36mProject Load (2.2ms)[0m  [1m[34mSELECT "projects".* FROM "projects"[0m
  Rendered projects/index.html.erb within layouts/application (41.2ms)
  [1m[36mUser Load (0.5ms)[0m  [1m[34mSELECT  "users".* FROM "users" WHERE "users"."id" = $1 ORDER BY "users"."id" ASC LIMIT $2[0m  [["id", 2], ["LIMIT", 1]]
  Rendered layouts/_navigation.html.erb (2.9ms)
  Rendered layouts/_messages.html.erb (0.4ms)
Completed 200 OK in 151ms (Views: 123.9ms | ActiveRecord: 13.9ms)


Started GET "/" for 127.0.0.1 at 2017-12-06 04:48:59 +0500
Processing by VisitorsController#index as HTML
  Rendering visitors/index.html.erb within layouts/application
  [1m[36mUser Load (0.5ms)[0m  [1m[34mSELECT  "users".* FROM "users" WHERE "users"."id" = $1 ORDER BY "users"."id" ASC LIMIT $2[0m  [["id", 2], ["LIMIT", 1]]
  Rendered visitors/index.html.erb within layouts/application (10.3ms)
  Rendered layouts/_navigation.html.erb (1.1ms)
  Rendered layouts/_messages.html.erb (0.3ms)
Completed 200 OK in 81ms (Views: 74.9ms | ActiveRecord: 0.5ms)


Started GET "/companies" for 127.0.0.1 at 2017-12-06 04:49:04 +0500
Processing by CompaniesController#index as HTML
  [1m[36mUser Load (0.4ms)[0m  [1m[34mSELECT  "users".* FROM "users" WHERE "users"."id" = $1 ORDER BY "users"."id" ASC LIMIT $2[0m  [["id", 2], ["LIMIT", 1]]
  Rendering companies/index.html.erb within layouts/application
  [1m[36mCompany Load (2.2ms)[0m  [1m[34mSELECT "companies".* FROM "companies" INNER JOIN "company_users" ON "companies"."id" = "company_users"."company_id" WHERE "company_users"."user_id" = $1[0m  [["user_id", 2]]
  Rendered companies/index.html.erb within layouts/application (12.8ms)
  Rendered layouts/_navigation.html.erb (1.6ms)
  Rendered layouts/_messages.html.erb (0.4ms)
Completed 200 OK in 180ms (Views: 108.2ms | ActiveRecord: 12.1ms)


Started GET "/departments/" for 127.0.0.1 at 2017-12-06 04:49:18 +0500
Processing by DepartmentsController#index as HTML
  Rendering departments/index.html.erb within layouts/application
  [1m[36mDepartment Load (0.3ms)[0m  [1m[34mSELECT "departments".* FROM "departments"[0m
  Rendered departments/index.html.erb within layouts/application (5.5ms)
  [1m[36mUser Load (0.3ms)[0m  [1m[34mSELECT  "users".* FROM "users" WHERE "users"."id" = $1 ORDER BY "users"."id" ASC LIMIT $2[0m  [["id", 2], ["LIMIT", 1]]
  Rendered layouts/_navigation.html.erb (2.7ms)
  Rendered layouts/_messages.html.erb (0.3ms)
Completed 200 OK in 110ms (Views: 108.9ms | ActiveRecord: 0.6ms)


Started GET "/projects/" for 127.0.0.1 at 2017-12-06 04:49:30 +0500
Processing by ProjectsController#index as HTML
  Rendering projects/index.html.erb within layouts/application
  [1m[36mProject Load (2.9ms)[0m  [1m[34mSELECT "projects".* FROM "projects"[0m
  Rendered projects/index.html.erb within layouts/application (9.1ms)
  [1m[36mUser Load (1.1ms)[0m  [1m[34mSELECT  "users".* FROM "users" WHERE "users"."id" = $1 ORDER BY "users"."id" ASC LIMIT $2[0m  [["id", 2], ["LIMIT", 1]]
  Rendered layouts/_navigation.html.erb (7.3ms)
  Rendered layouts/_messages.html.erb (0.5ms)
Completed 200 OK in 116ms (Views: 111.1ms | ActiveRecord: 3.9ms)


Started GET "/projects/2" for 127.0.0.1 at 2017-12-06 04:49:37 +0500
Processing by ProjectsController#show as HTML
  Parameters: {"id"=>"2"}
  [1m[36mProject Load (0.2ms)[0m  [1m[34mSELECT  "projects".* FROM "projects" WHERE "projects"."id" = $1 LIMIT $2[0m  [["id", 2], ["LIMIT", 1]]
  Rendering projects/show.html.erb within layouts/application
  Rendered projects/show.html.erb within layouts/application (1.0ms)
  [1m[36mUser Load (0.4ms)[0m  [1m[34mSELECT  "users".* FROM "users" WHERE "users"."id" = $1 ORDER BY "users"."id" ASC LIMIT $2[0m  [["id", 2], ["LIMIT", 1]]
  Rendered layouts/_navigation.html.erb (2.8ms)
  Rendered layouts/_messages.html.erb (0.3ms)
Completed 200 OK in 183ms (Views: 61.0ms | ActiveRecord: 3.2ms)


Started GET "/projects" for 127.0.0.1 at 2017-12-06 04:49:43 +0500
Processing by ProjectsController#index as HTML
  Rendering projects/index.html.erb within layouts/application
  [1m[36mProject Load (0.5ms)[0m  [1m[34mSELECT "projects".* FROM "projects"[0m
  Rendered projects/index.html.erb within layouts/application (4.9ms)
  [1m[36mUser Load (0.3ms)[0m  [1m[34mSELECT  "users".* FROM "users" WHERE "users"."id" = $1 ORDER BY "users"."id" ASC LIMIT $2[0m  [["id", 2], ["LIMIT", 1]]
  Rendered layouts/_navigation.html.erb (2.7ms)
  Rendered layouts/_messages.html.erb (0.3ms)
Completed 200 OK in 99ms (Views: 97.2ms | ActiveRecord: 0.9ms)


Started GET "/departments/1" for 127.0.0.1 at 2017-12-06 04:49:53 +0500
Processing by DepartmentsController#show as HTML
  Parameters: {"id"=>"1"}
  [1m[36mDepartment Load (4.4ms)[0m  [1m[34mSELECT  "departments".* FROM "departments" WHERE "departments"."id" = $1 LIMIT $2[0m  [["id", 1], ["LIMIT", 1]]
  Rendering departments/show.html.erb within layouts/application
  Rendered departments/show.html.erb within layouts/application (1.2ms)
  [1m[36mUser Load (0.7ms)[0m  [1m[34mSELECT  "users".* FROM "users" WHERE "users"."id" = $1 ORDER BY "users"."id" ASC LIMIT $2[0m  [["id", 2], ["LIMIT", 1]]
  Rendered layouts/_navigation.html.erb (9.1ms)
  Rendered layouts/_messages.html.erb (2.8ms)
Completed 200 OK in 143ms (Views: 128.7ms | ActiveRecord: 5.1ms)


Started GET "/projects/2" for 127.0.0.1 at 2017-12-06 04:50:11 +0500
Processing by ProjectsController#show as HTML
  Parameters: {"id"=>"2"}
  [1m[36mProject Load (0.4ms)[0m  [1m[34mSELECT  "projects".* FROM "projects" WHERE "projects"."id" = $1 LIMIT $2[0m  [["id", 2], ["LIMIT", 1]]
  Rendering projects/show.html.erb within layouts/application
  Rendered projects/show.html.erb within layouts/application (0.9ms)
  [1m[36mUser Load (0.6ms)[0m  [1m[34mSELECT  "users".* FROM "users" WHERE "users"."id" = $1 ORDER BY "users"."id" ASC LIMIT $2[0m  [["id", 2], ["LIMIT", 1]]
  Rendered layouts/_navigation.html.erb (3.0ms)
  Rendered layouts/_messages.html.erb (0.5ms)
Completed 200 OK in 90ms (Views: 86.8ms | ActiveRecord: 1.0ms)


Started GET "/projects/2/edit" for 127.0.0.1 at 2017-12-06 04:50:32 +0500
Processing by ProjectsController#edit as HTML
  Parameters: {"id"=>"2"}
  [1m[36mProject Load (1.4ms)[0m  [1m[34mSELECT  "projects".* FROM "projects" WHERE "projects"."id" = $1 LIMIT $2[0m  [["id", 2], ["LIMIT", 1]]
  Rendering projects/edit.html.erb within layouts/application
  Rendered projects/_form.html.erb (26.2ms)
  Rendered projects/edit.html.erb within layouts/application (28.1ms)
  [1m[36mUser Load (0.5ms)[0m  [1m[34mSELECT  "users".* FROM "users" WHERE "users"."id" = $1 ORDER BY "users"."id" ASC LIMIT $2[0m  [["id", 2], ["LIMIT", 1]]
  Rendered layouts/_navigation.html.erb (2.8ms)
  Rendered layouts/_messages.html.erb (0.5ms)
Completed 200 OK in 115ms (Views: 111.1ms | ActiveRecord: 1.9ms)


Started GET "/" for 127.0.0.1 at 2017-12-06 04:50:42 +0500
Processing by VisitorsController#index as HTML
  Rendering visitors/index.html.erb within layouts/application
  [1m[36mUser Load (0.8ms)[0m  [1m[34mSELECT  "users".* FROM "users" WHERE "users"."id" = $1 ORDER BY "users"."id" ASC LIMIT $2[0m  [["id", 2], ["LIMIT", 1]]
  Rendered visitors/index.html.erb within layouts/application (10.6ms)
  Rendered layouts/_navigation.html.erb (1.1ms)
  Rendered layouts/_messages.html.erb (0.4ms)
Completed 200 OK in 81ms (Views: 76.5ms | ActiveRecord: 0.8ms)


Started GET "/companies" for 127.0.0.1 at 2017-12-06 04:50:56 +0500
Processing by CompaniesController#index as HTML
  [1m[36mUser Load (0.4ms)[0m  [1m[34mSELECT  "users".* FROM "users" WHERE "users"."id" = $1 ORDER BY "users"."id" ASC LIMIT $2[0m  [["id", 2], ["LIMIT", 1]]
  Rendering companies/index.html.erb within layouts/application
  [1m[36mCompany Load (2.5ms)[0m  [1m[34mSELECT "companies".* FROM "companies" INNER JOIN "company_users" ON "companies"."id" = "company_users"."company_id" WHERE "company_users"."user_id" = $1[0m  [["user_id", 2]]
  Rendered companies/index.html.erb within layouts/application (4.3ms)
  Rendered layouts/_navigation.html.erb (3.9ms)
  Rendered layouts/_messages.html.erb (0.7ms)
Completed 200 OK in 141ms (Views: 131.1ms | ActiveRecord: 2.9ms)


Started GET "/companies" for 127.0.0.1 at 2017-12-06 04:56:20 +0500
Processing by CompaniesController#index as HTML
  [1m[36mUser Load (0.4ms)[0m  [1m[34mSELECT  "users".* FROM "users" WHERE "users"."id" = $1 ORDER BY "users"."id" ASC LIMIT $2[0m  [["id", 2], ["LIMIT", 1]]
  Rendering companies/index.html.erb within layouts/application
  [1m[36mCompany Load (0.9ms)[0m  [1m[34mSELECT "companies".* FROM "companies" INNER JOIN "company_users" ON "companies"."id" = "company_users"."company_id" WHERE "company_users"."user_id" = $1[0m  [["user_id", 2]]
  Rendered companies/index.html.erb within layouts/application (5.5ms)
  Rendered layouts/_navigation.html.erb (2.6ms)
  Rendered layouts/_messages.html.erb (0.4ms)
Completed 200 OK in 138ms (Views: 129.4ms | ActiveRecord: 1.3ms)


Started GET "/projects" for 127.0.0.1 at 2017-12-06 04:56:27 +0500
Processing by ProjectsController#index as HTML
  Rendering projects/index.html.erb within layouts/application
  [1m[36mProject Load (0.4ms)[0m  [1m[34mSELECT "projects".* FROM "projects"[0m
  Rendered projects/index.html.erb within layouts/application (6.9ms)
  [1m[36mUser Load (0.4ms)[0m  [1m[34mSELECT  "users".* FROM "users" WHERE "users"."id" = $1 ORDER BY "users"."id" ASC LIMIT $2[0m  [["id", 2], ["LIMIT", 1]]
  Rendered layouts/_navigation.html.erb (6.1ms)
  Rendered layouts/_messages.html.erb (0.4ms)
Completed 200 OK in 101ms (Views: 99.1ms | ActiveRecord: 0.9ms)


Started GET "/companies" for 127.0.0.1 at 2017-12-06 04:56:41 +0500
Processing by CompaniesController#index as HTML
  [1m[36mUser Load (0.3ms)[0m  [1m[34mSELECT  "users".* FROM "users" WHERE "users"."id" = $1 ORDER BY "users"."id" ASC LIMIT $2[0m  [["id", 2], ["LIMIT", 1]]
  Rendering companies/index.html.erb within layouts/application
  [1m[36mCompany Load (4.3ms)[0m  [1m[34mSELECT "companies".* FROM "companies" INNER JOIN "company_users" ON "companies"."id" = "company_users"."company_id" WHERE "company_users"."user_id" = $1[0m  [["user_id", 2]]
  Rendered companies/index.html.erb within layouts/application (6.3ms)
  Rendered layouts/_navigation.html.erb (3.7ms)
  Rendered layouts/_messages.html.erb (0.4ms)
Completed 200 OK in 104ms (Views: 94.6ms | ActiveRecord: 4.6ms)


Started GET "/companies" for 127.0.0.1 at 2017-12-06 04:56:48 +0500
Processing by CompaniesController#index as HTML
  [1m[36mUser Load (0.7ms)[0m  [1m[34mSELECT  "users".* FROM "users" WHERE "users"."id" = $1 ORDER BY "users"."id" ASC LIMIT $2[0m  [["id", 2], ["LIMIT", 1]]
  Rendering companies/index.html.erb within layouts/application
  [1m[36mCompany Load (6.9ms)[0m  [1m[34mSELECT "companies".* FROM "companies" INNER JOIN "company_users" ON "companies"."id" = "company_users"."company_id" WHERE "company_users"."user_id" = $1[0m  [["user_id", 2]]
  Rendered companies/index.html.erb within layouts/application (9.6ms)
  Rendered layouts/_navigation.html.erb (1.2ms)
  Rendered layouts/_messages.html.erb (0.3ms)
Completed 200 OK in 133ms (Views: 112.3ms | ActiveRecord: 7.6ms)


Started GET "/departments/" for 127.0.0.1 at 2017-12-06 04:56:54 +0500
Processing by DepartmentsController#index as HTML
  Rendering departments/index.html.erb within layouts/application
  [1m[36mDepartment Load (0.9ms)[0m  [1m[34mSELECT "departments".* FROM "departments"[0m
  Rendered departments/index.html.erb within layouts/application (4.8ms)
  [1m[36mUser Load (0.4ms)[0m  [1m[34mSELECT  "users".* FROM "users" WHERE "users"."id" = $1 ORDER BY "users"."id" ASC LIMIT $2[0m  [["id", 2], ["LIMIT", 1]]
  Rendered layouts/_navigation.html.erb (2.5ms)
  Rendered layouts/_messages.html.erb (2.2ms)
Completed 200 OK in 98ms (Views: 95.7ms | ActiveRecord: 1.3ms)


Started GET "/projects" for 127.0.0.1 at 2017-12-06 04:57:02 +0500
Processing by ProjectsController#index as HTML
  Rendering projects/index.html.erb within layouts/application
  [1m[36mProject Load (0.8ms)[0m  [1m[34mSELECT "projects".* FROM "projects"[0m
  Rendered projects/index.html.erb within layouts/application (7.1ms)
  [1m[36mUser Load (0.4ms)[0m  [1m[34mSELECT  "users".* FROM "users" WHERE "users"."id" = $1 ORDER BY "users"."id" ASC LIMIT $2[0m  [["id", 2], ["LIMIT", 1]]
  Rendered layouts/_navigation.html.erb (3.8ms)
  Rendered layouts/_messages.html.erb (0.4ms)
Completed 200 OK in 106ms (Views: 104.1ms | ActiveRecord: 1.2ms)


Started GET "/projects" for 127.0.0.1 at 2017-12-06 05:00:19 +0500
Processing by ProjectsController#index as HTML
  Rendering projects/index.html.erb within layouts/application
  [1m[36mProject Load (0.5ms)[0m  [1m[34mSELECT "projects".* FROM "projects"[0m
  Rendered projects/index.html.erb within layouts/application (7.9ms)
  [1m[36mUser Load (0.4ms)[0m  [1m[34mSELECT  "users".* FROM "users" WHERE "users"."id" = $1 ORDER BY "users"."id" ASC LIMIT $2[0m  [["id", 2], ["LIMIT", 1]]
  Rendered layouts/_navigation.html.erb (3.5ms)
  Rendered layouts/_messages.html.erb (0.4ms)
Completed 200 OK in 144ms (Views: 141.8ms | ActiveRecord: 0.9ms)


Started GET "/projects" for 127.0.0.1 at 2017-12-06 05:00:21 +0500
Processing by ProjectsController#index as HTML
  Rendering projects/index.html.erb within layouts/application
  [1m[36mProject Load (5.3ms)[0m  [1m[34mSELECT "projects".* FROM "projects"[0m
  Rendered projects/index.html.erb within layouts/application (17.1ms)
  [1m[36mUser Load (0.4ms)[0m  [1m[34mSELECT  "users".* FROM "users" WHERE "users"."id" = $1 ORDER BY "users"."id" ASC LIMIT $2[0m  [["id", 2], ["LIMIT", 1]]
  Rendered layouts/_navigation.html.erb (3.6ms)
  Rendered layouts/_messages.html.erb (0.3ms)
Completed 200 OK in 171ms (Views: 161.4ms | ActiveRecord: 5.7ms)


Started GET "/departments/" for 127.0.0.1 at 2017-12-06 05:00:28 +0500
Processing by DepartmentsController#index as HTML
  Rendering departments/index.html.erb within layouts/application
  [1m[36mDepartment Load (1.4ms)[0m  [1m[34mSELECT "departments".* FROM "departments"[0m
  Rendered departments/index.html.erb within layouts/application (14.7ms)
  [1m[36mUser Load (0.4ms)[0m  [1m[34mSELECT  "users".* FROM "users" WHERE "users"."id" = $1 ORDER BY "users"."id" ASC LIMIT $2[0m  [["id", 2], ["LIMIT", 1]]
  Rendered layouts/_navigation.html.erb (3.0ms)
  Rendered layouts/_messages.html.erb (0.3ms)
Completed 200 OK in 136ms (Views: 131.3ms | ActiveRecord: 1.8ms)


Started GET "/projects/2" for 127.0.0.1 at 2017-12-06 05:01:04 +0500
Processing by ProjectsController#show as HTML
  Parameters: {"id"=>"2"}
  [1m[36mProject Load (0.2ms)[0m  [1m[34mSELECT  "projects".* FROM "projects" WHERE "projects"."id" = $1 LIMIT $2[0m  [["id", 2], ["LIMIT", 1]]
  Rendering projects/show.html.erb within layouts/application
  Rendered projects/show.html.erb within layouts/application (1.0ms)
  [1m[36mUser Load (0.5ms)[0m  [1m[34mSELECT  "users".* FROM "users" WHERE "users"."id" = $1 ORDER BY "users"."id" ASC LIMIT $2[0m  [["id", 2], ["LIMIT", 1]]
  Rendered layouts/_navigation.html.erb (4.1ms)
  Rendered layouts/_messages.html.erb (0.4ms)
Completed 200 OK in 101ms (Views: 98.5ms | ActiveRecord: 0.7ms)


Started GET "/projects" for 127.0.0.1 at 2017-12-06 05:01:08 +0500
Processing by ProjectsController#index as HTML
  Rendering projects/index.html.erb within layouts/application
  [1m[36mProject Load (3.0ms)[0m  [1m[34mSELECT "projects".* FROM "projects"[0m
  Rendered projects/index.html.erb within layouts/application (10.8ms)
  [1m[36mUser Load (0.4ms)[0m  [1m[34mSELECT  "users".* FROM "users" WHERE "users"."id" = $1 ORDER BY "users"."id" ASC LIMIT $2[0m  [["id", 2], ["LIMIT", 1]]
  Rendered layouts/_navigation.html.erb (3.0ms)
  Rendered layouts/_messages.html.erb (0.3ms)
Completed 200 OK in 122ms (Views: 116.6ms | ActiveRecord: 3.4ms)


Started GET "/departments/1" for 127.0.0.1 at 2017-12-06 05:01:11 +0500
Processing by DepartmentsController#show as HTML
  Parameters: {"id"=>"1"}
  [1m[36mDepartment Load (0.9ms)[0m  [1m[34mSELECT  "departments".* FROM "departments" WHERE "departments"."id" = $1 LIMIT $2[0m  [["id", 1], ["LIMIT", 1]]
  Rendering departments/show.html.erb within layouts/application
  Rendered departments/show.html.erb within layouts/application (0.8ms)
  [1m[36mUser Load (0.4ms)[0m  [1m[34mSELECT  "users".* FROM "users" WHERE "users"."id" = $1 ORDER BY "users"."id" ASC LIMIT $2[0m  [["id", 2], ["LIMIT", 1]]
  Rendered layouts/_navigation.html.erb (2.7ms)
  Rendered layouts/_messages.html.erb (1.2ms)
Completed 200 OK in 81ms (Views: 75.4ms | ActiveRecord: 1.2ms)


Started GET "/departments" for 127.0.0.1 at 2017-12-06 05:01:13 +0500
Processing by DepartmentsController#index as HTML
  Rendering departments/index.html.erb within layouts/application
  [1m[36mDepartment Load (0.4ms)[0m  [1m[34mSELECT "departments".* FROM "departments"[0m
  Rendered departments/index.html.erb within layouts/application (9.7ms)
  [1m[36mUser Load (0.4ms)[0m  [1m[34mSELECT  "users".* FROM "users" WHERE "users"."id" = $1 ORDER BY "users"."id" ASC LIMIT $2[0m  [["id", 2], ["LIMIT", 1]]
  Rendered layouts/_navigation.html.erb (2.7ms)
  Rendered layouts/_messages.html.erb (0.4ms)
Completed 200 OK in 90ms (Views: 85.9ms | ActiveRecord: 0.8ms)


Started GET "/projects/5/edit" for 127.0.0.1 at 2017-12-06 05:01:36 +0500
Processing by ProjectsController#edit as HTML
  Parameters: {"id"=>"5"}
  [1m[36mProject Load (0.3ms)[0m  [1m[34mSELECT  "projects".* FROM "projects" WHERE "projects"."id" = $1 LIMIT $2[0m  [["id", 5], ["LIMIT", 1]]
  Rendering projects/edit.html.erb within layouts/application
  Rendered projects/_form.html.erb (25.0ms)
  Rendered projects/edit.html.erb within layouts/application (28.6ms)
  [1m[36mUser Load (0.3ms)[0m  [1m[34mSELECT  "users".* FROM "users" WHERE "users"."id" = $1 ORDER BY "users"."id" ASC LIMIT $2[0m  [["id", 2], ["LIMIT", 1]]
  Rendered layouts/_navigation.html.erb (3.6ms)
  Rendered layouts/_messages.html.erb (0.4ms)
Completed 200 OK in 100ms (Views: 96.5ms | ActiveRecord: 0.6ms)


Started PATCH "/projects/5" for 127.0.0.1 at 2017-12-06 05:01:50 +0500
Processing by ProjectsController#update as HTML
  Parameters: {"utf8"=>"✓", "authenticity_token"=>"/mcI2mBDmR4f9zb92ZJRF41134QFoAR54qY/X7Qe9EVmNiJ64mZtYxibSr5QxYqFi84PlRTm9EUraBDuuzLjtg==", "project"=>{"name"=>"simplified finance", "category"=>"finance", "description"=>"It manages all the company's assets, profits and losses.", "start_date"=>"2017-06-10 00:00:00 UTC", "end_date"=>"2017-12-06 20:27:54 UTC", "last_updated_at"=>""}, "commit"=>"Submit", "id"=>"5"}
  [1m[36mProject Load (0.6ms)[0m  [1m[34mSELECT  "projects".* FROM "projects" WHERE "projects"."id" = $1 LIMIT $2[0m  [["id", 5], ["LIMIT", 1]]
Unpermitted parameter: :last_updated_at
  [1m[35m (0.4ms)[0m  [1m[35mBEGIN[0m
  [1m[35mSQL (3.9ms)[0m  [1m[33mUPDATE "projects" SET "end_date" = $1, "updated_at" = $2 WHERE "projects"."id" = $3[0m  [["end_date", "2017-12-06 20:27:54"], ["updated_at", "2017-12-06 00:01:50.627393"], ["id", 5]]
  [1m[35m (0.7ms)[0m  [1m[35mCOMMIT[0m
Redirected to http://localhost:3000/projects/5
Completed 302 Found in 17ms (ActiveRecord: 5.6ms)


Started GET "/projects/5" for 127.0.0.1 at 2017-12-06 05:01:50 +0500
Processing by ProjectsController#show as HTML
  Parameters: {"id"=>"5"}
  [1m[36mProject Load (1.0ms)[0m  [1m[34mSELECT  "projects".* FROM "projects" WHERE "projects"."id" = $1 LIMIT $2[0m  [["id", 5], ["LIMIT", 1]]
  Rendering projects/show.html.erb within layouts/application
  Rendered projects/show.html.erb within layouts/application (2.5ms)
  [1m[36mUser Load (1.2ms)[0m  [1m[34mSELECT  "users".* FROM "users" WHERE "users"."id" = $1 ORDER BY "users"."id" ASC LIMIT $2[0m  [["id", 2], ["LIMIT", 1]]
  Rendered layouts/_navigation.html.erb (6.2ms)
  Rendered layouts/_messages.html.erb (0.4ms)
Completed 200 OK in 154ms (Views: 139.8ms | ActiveRecord: 2.2ms)


Started GET "/projects" for 127.0.0.1 at 2017-12-06 05:01:55 +0500
Processing by ProjectsController#index as HTML
  Rendering projects/index.html.erb within layouts/application
  [1m[36mProject Load (0.3ms)[0m  [1m[34mSELECT "projects".* FROM "projects"[0m
  Rendered projects/index.html.erb within layouts/application (8.6ms)
  [1m[36mUser Load (0.3ms)[0m  [1m[34mSELECT  "users".* FROM "users" WHERE "users"."id" = $1 ORDER BY "users"."id" ASC LIMIT $2[0m  [["id", 2], ["LIMIT", 1]]
  Rendered layouts/_navigation.html.erb (2.8ms)
  Rendered layouts/_messages.html.erb (0.3ms)
Completed 200 OK in 96ms (Views: 94.5ms | ActiveRecord: 0.6ms)


Started GET "/projects" for 127.0.0.1 at 2017-12-06 05:03:15 +0500
Processing by ProjectsController#index as HTML
  Rendering projects/index.html.erb within layouts/application
  [1m[36mProject Load (3.3ms)[0m  [1m[34mSELECT "projects".* FROM "projects"[0m
  Rendered projects/index.html.erb within layouts/application (19.9ms)
  [1m[36mUser Load (0.4ms)[0m  [1m[34mSELECT  "users".* FROM "users" WHERE "users"."id" = $1 ORDER BY "users"."id" ASC LIMIT $2[0m  [["id", 2], ["LIMIT", 1]]
  Rendered layouts/_navigation.html.erb (7.0ms)
  Rendered layouts/_messages.html.erb (1.9ms)
Completed 200 OK in 166ms (Views: 151.7ms | ActiveRecord: 3.7ms)


Started GET "/projects" for 127.0.0.1 at 2017-12-06 05:08:03 +0500
Processing by ProjectsController#index as HTML
  Rendering projects/index.html.erb within layouts/application
  [1m[36mProject Load (1.0ms)[0m  [1m[34mSELECT "projects".* FROM "projects"[0m
  Rendered projects/index.html.erb within layouts/application (11.6ms)
  [1m[36mUser Load (0.6ms)[0m  [1m[34mSELECT  "users".* FROM "users" WHERE "users"."id" = $1 ORDER BY "users"."id" ASC LIMIT $2[0m  [["id", 2], ["LIMIT", 1]]
  Rendered layouts/_navigation.html.erb (3.3ms)
  Rendered layouts/_messages.html.erb (0.4ms)
Completed 200 OK in 1728ms (Views: 1724.4ms | ActiveRecord: 1.6ms)


Started GET "/departments" for 127.0.0.1 at 2017-12-06 05:08:11 +0500
Processing by DepartmentsController#index as HTML
  Rendering departments/index.html.erb within layouts/application
  [1m[36mDepartment Load (3.4ms)[0m  [1m[34mSELECT "departments".* FROM "departments"[0m
  Rendered departments/index.html.erb within layouts/application (10.8ms)
  [1m[36mUser Load (0.4ms)[0m  [1m[34mSELECT  "users".* FROM "users" WHERE "users"."id" = $1 ORDER BY "users"."id" ASC LIMIT $2[0m  [["id", 2], ["LIMIT", 1]]
  Rendered layouts/_navigation.html.erb (5.2ms)
  Rendered layouts/_messages.html.erb (1.9ms)
Completed 200 OK in 175ms (Views: 161.1ms | ActiveRecord: 3.8ms)


Started GET "/projects" for 127.0.0.1 at 2017-12-06 05:09:02 +0500
Processing by ProjectsController#index as HTML
  Rendering projects/index.html.erb within layouts/application
  [1m[36mProject Load (0.3ms)[0m  [1m[34mSELECT "projects".* FROM "projects"[0m
  Rendered projects/index.html.erb within layouts/application (7.0ms)
  [1m[36mUser Load (0.6ms)[0m  [1m[34mSELECT  "users".* FROM "users" WHERE "users"."id" = $1 ORDER BY "users"."id" ASC LIMIT $2[0m  [["id", 2], ["LIMIT", 1]]
  Rendered layouts/_navigation.html.erb (8.5ms)
  Rendered layouts/_messages.html.erb (0.7ms)
Completed 200 OK in 1269ms (Views: 1264.0ms | ActiveRecord: 0.9ms)


Started GET "/departments" for 127.0.0.1 at 2017-12-06 05:09:09 +0500
Processing by DepartmentsController#index as HTML
  Rendering departments/index.html.erb within layouts/application
  [1m[36mDepartment Load (0.6ms)[0m  [1m[34mSELECT "departments".* FROM "departments"[0m
  Rendered departments/index.html.erb within layouts/application (4.0ms)
  [1m[36mUser Load (1.4ms)[0m  [1m[34mSELECT  "users".* FROM "users" WHERE "users"."id" = $1 ORDER BY "users"."id" ASC LIMIT $2[0m  [["id", 2], ["LIMIT", 1]]
  Rendered layouts/_navigation.html.erb (7.0ms)
  Rendered layouts/_messages.html.erb (1.0ms)
Completed 200 OK in 116ms (Views: 112.9ms | ActiveRecord: 2.0ms)


Started GET "/departments" for 127.0.0.1 at 2017-12-06 05:09:31 +0500
Processing by DepartmentsController#index as HTML
  Rendering departments/index.html.erb within layouts/application
  [1m[36mDepartment Load (1.3ms)[0m  [1m[34mSELECT "departments".* FROM "departments"[0m
  Rendered departments/index.html.erb within layouts/application (13.5ms)
  [1m[36mUser Load (0.4ms)[0m  [1m[34mSELECT  "users".* FROM "users" WHERE "users"."id" = $1 ORDER BY "users"."id" ASC LIMIT $2[0m  [["id", 2], ["LIMIT", 1]]
  Rendered layouts/_navigation.html.erb (4.5ms)
  Rendered layouts/_messages.html.erb (0.8ms)
Completed 200 OK in 143ms (Views: 139.8ms | ActiveRecord: 1.7ms)


Started GET "/projects" for 127.0.0.1 at 2017-12-06 05:09:36 +0500
Processing by ProjectsController#index as HTML
  Rendering projects/index.html.erb within layouts/application
  [1m[36mProject Load (2.6ms)[0m  [1m[34mSELECT "projects".* FROM "projects"[0m
  Rendered projects/index.html.erb within layouts/application (7.7ms)
  [1m[36mUser Load (0.4ms)[0m  [1m[34mSELECT  "users".* FROM "users" WHERE "users"."id" = $1 ORDER BY "users"."id" ASC LIMIT $2[0m  [["id", 2], ["LIMIT", 1]]
  Rendered layouts/_navigation.html.erb (5.1ms)
  Rendered layouts/_messages.html.erb (1.2ms)
Completed 200 OK in 118ms (Views: 112.8ms | ActiveRecord: 3.0ms)


  [1m[35m (1.2ms)[0m  [1m[34mSELECT pg_try_advisory_lock(5606644201848270315)[0m
  [1m[35m (3.4ms)[0m  [1m[34mSELECT "schema_migrations"."version" FROM "schema_migrations" ORDER BY "schema_migrations"."version" ASC[0m
Migrating to ChangeColumnName (20171205220711)
  [1m[35m (0.6ms)[0m  [1m[35mBEGIN[0m
  [1m[35m (48.8ms)[0m  [1m[35mALTER TABLE "projects" RENAME COLUMN "end_data" TO "end_date"[0m
  [1m[35mSQL (2.1ms)[0m  [1m[32mINSERT INTO "schema_migrations" ("version") VALUES ($1) RETURNING "version"[0m  [["version", "20171205220711"]]
  [1m[35m (4.6ms)[0m  [1m[35mCOMMIT[0m
  [1m[36mActiveRecord::InternalMetadata Load (44.2ms)[0m  [1m[34mSELECT  "ar_internal_metadata".* FROM "ar_internal_metadata" WHERE "ar_internal_metadata"."key" = $1 LIMIT $2[0m  [["key", "environment"], ["LIMIT", 1]]
  [1m[35m (5.2ms)[0m  [1m[35mBEGIN[0m
  [1m[35m (18.0ms)[0m  [1m[35mCOMMIT[0m
  [1m[35m (12.9ms)[0m  [1m[34mSELECT pg_advisory_unlock(5606644201848270315)[0m
  [1m[35m (4.5ms)[0m  [1m[34mSELECT "schema_migrations"."version" FROM "schema_migrations" ORDER BY "schema_migrations"."version" ASC[0m
Started GET "/projects" for 127.0.0.1 at 2017-12-18 10:41:59 +0500
  [1m[35m (30.3ms)[0m  [1m[34mSELECT "schema_migrations"."version" FROM "schema_migrations" ORDER BY "schema_migrations"."version" ASC[0m
Processing by ProjectsController#index as HTML
  Rendering projects/index.html.erb within layouts/application
  [1m[36mProject Load (61.7ms)[0m  [1m[34mSELECT "projects".* FROM "projects"[0m
  Rendered projects/index.html.erb within layouts/application (508.3ms)
  [1m[36mUser Load (120.1ms)[0m  [1m[34mSELECT  "users".* FROM "users" WHERE "users"."id" = $1 ORDER BY "users"."id" ASC LIMIT $2[0m  [["id", 2], ["LIMIT", 1]]
  Rendered layouts/_navigation.html.erb (860.1ms)
  Rendered layouts/_messages.html.erb (2.6ms)
Completed 200 OK in 20978ms (Views: 19950.0ms | ActiveRecord: 724.0ms)


Started GET "/projects/new" for 127.0.0.1 at 2017-12-18 10:45:58 +0500
Processing by ProjectsController#new as HTML
  Rendering projects/new.html.erb within layouts/application
  Rendered projects/_form.html.erb (104.0ms)
  Rendered projects/new.html.erb within layouts/application (114.5ms)
  [1m[36mUser Load (22.5ms)[0m  [1m[34mSELECT  "users".* FROM "users" WHERE "users"."id" = $1 ORDER BY "users"."id" ASC LIMIT $2[0m  [["id", 2], ["LIMIT", 1]]
  Rendered layouts/_navigation.html.erb (70.3ms)
  Rendered layouts/_messages.html.erb (2.3ms)
Completed 200 OK in 678ms (Views: 619.6ms | ActiveRecord: 22.5ms)


Started GET "/projects/new" for 127.0.0.1 at 2017-12-18 10:48:28 +0500
Processing by ProjectsController#new as HTML
  Rendering projects/new.html.erb within layouts/application
  Rendered projects/_form.html.erb (27.5ms)
  Rendered projects/new.html.erb within layouts/application (32.9ms)
  [1m[36mUser Load (3.6ms)[0m  [1m[34mSELECT  "users".* FROM "users" WHERE "users"."id" = $1 ORDER BY "users"."id" ASC LIMIT $2[0m  [["id", 2], ["LIMIT", 1]]
  Rendered layouts/_navigation.html.erb (38.1ms)
  Rendered layouts/_messages.html.erb (4.5ms)
Completed 200 OK in 530ms (Views: 522.8ms | ActiveRecord: 3.6ms)


Started GET "/projects" for 127.0.0.1 at 2017-12-18 10:48:30 +0500
Processing by ProjectsController#index as HTML
  Rendering projects/index.html.erb within layouts/application
  [1m[36mProject Load (3.8ms)[0m  [1m[34mSELECT "projects".* FROM "projects"[0m
  Rendered projects/index.html.erb within layouts/application (61.7ms)
  [1m[36mUser Load (1.7ms)[0m  [1m[34mSELECT  "users".* FROM "users" WHERE "users"."id" = $1 ORDER BY "users"."id" ASC LIMIT $2[0m  [["id", 2], ["LIMIT", 1]]
  Rendered layouts/_navigation.html.erb (24.1ms)
  Rendered layouts/_messages.html.erb (2.2ms)
Completed 200 OK in 827ms (Views: 785.7ms | ActiveRecord: 5.6ms)


Started GET "/projects/new" for 127.0.0.1 at 2017-12-18 10:48:48 +0500
Processing by ProjectsController#new as HTML
  Rendering projects/new.html.erb within layouts/application
  Rendered projects/_form.html.erb (28.0ms)
  Rendered projects/new.html.erb within layouts/application (38.8ms)
  [1m[36mUser Load (1.6ms)[0m  [1m[34mSELECT  "users".* FROM "users" WHERE "users"."id" = $1 ORDER BY "users"."id" ASC LIMIT $2[0m  [["id", 2], ["LIMIT", 1]]
  Rendered layouts/_navigation.html.erb (28.9ms)
  Rendered layouts/_messages.html.erb (1.6ms)
Completed 200 OK in 573ms (Views: 564.7ms | ActiveRecord: 1.6ms)


Started GET "/projects/new" for 127.0.0.1 at 2017-12-18 10:50:04 +0500
Processing by ProjectsController#new as HTML
  Rendering projects/new.html.erb within layouts/application
  Rendered projects/_form.html.erb (59.9ms)
  Rendered projects/new.html.erb within layouts/application (74.9ms)
  [1m[36mUser Load (2.7ms)[0m  [1m[34mSELECT  "users".* FROM "users" WHERE "users"."id" = $1 ORDER BY "users"."id" ASC LIMIT $2[0m  [["id", 2], ["LIMIT", 1]]
  Rendered layouts/_navigation.html.erb (39.6ms)
  Rendered layouts/_messages.html.erb (1.6ms)
Completed 200 OK in 973ms (Views: 942.3ms | ActiveRecord: 2.7ms)


Started GET "/projects/new" for 127.0.0.1 at 2017-12-18 10:54:30 +0500
Processing by ProjectsController#new as HTML
  Rendering projects/new.html.erb within layouts/application
  Rendered projects/_form.html.erb (72.8ms)
  Rendered projects/new.html.erb within layouts/application (115.0ms)
  [1m[36mUser Load (3.8ms)[0m  [1m[34mSELECT  "users".* FROM "users" WHERE "users"."id" = $1 ORDER BY "users"."id" ASC LIMIT $2[0m  [["id", 2], ["LIMIT", 1]]
  Rendered layouts/_navigation.html.erb (45.4ms)
  Rendered layouts/_messages.html.erb (2.5ms)
Completed 200 OK in 910ms (Views: 850.7ms | ActiveRecord: 3.8ms)


Started GET "/projects/show/1" for 127.0.0.1 at 2017-12-18 10:54:42 +0500
  
ActionController::RoutingError (No route matches [GET] "/projects/show/1"):
  
actionpack (5.1.4) lib/action_dispatch/middleware/debug_exceptions.rb:63:in `call'
web-console (3.5.1) lib/web_console/middleware.rb:135:in `call_app'
web-console (3.5.1) lib/web_console/middleware.rb:28:in `block in call'
web-console (3.5.1) lib/web_console/middleware.rb:18:in `catch'
web-console (3.5.1) lib/web_console/middleware.rb:18:in `call'
actionpack (5.1.4) lib/action_dispatch/middleware/show_exceptions.rb:31:in `call'
railties (5.1.4) lib/rails/rack/logger.rb:36:in `call_app'
railties (5.1.4) lib/rails/rack/logger.rb:24:in `block in call'
activesupport (5.1.4) lib/active_support/tagged_logging.rb:69:in `block in tagged'
activesupport (5.1.4) lib/active_support/tagged_logging.rb:26:in `tagged'
activesupport (5.1.4) lib/active_support/tagged_logging.rb:69:in `tagged'
railties (5.1.4) lib/rails/rack/logger.rb:24:in `call'
sprockets-rails (3.2.1) lib/sprockets/rails/quiet_assets.rb:13:in `call'
actionpack (5.1.4) lib/action_dispatch/middleware/remote_ip.rb:79:in `call'
actionpack (5.1.4) lib/action_dispatch/middleware/request_id.rb:25:in `call'
rack (2.0.3) lib/rack/method_override.rb:22:in `call'
rack (2.0.3) lib/rack/runtime.rb:22:in `call'
activesupport (5.1.4) lib/active_support/cache/strategy/local_cache_middleware.rb:27:in `call'
actionpack (5.1.4) lib/action_dispatch/middleware/executor.rb:12:in `call'
actionpack (5.1.4) lib/action_dispatch/middleware/static.rb:125:in `call'
rack (2.0.3) lib/rack/sendfile.rb:111:in `call'
railties (5.1.4) lib/rails/engine.rb:522:in `call'
puma (3.10.0) lib/puma/configuration.rb:225:in `call'
puma (3.10.0) lib/puma/server.rb:605:in `handle_request'
puma (3.10.0) lib/puma/server.rb:437:in `process_client'
puma (3.10.0) lib/puma/server.rb:301:in `block in run'
puma (3.10.0) lib/puma/thread_pool.rb:120:in `block in spawn_thread'
Started GET "/projects" for 127.0.0.1 at 2017-12-18 10:54:48 +0500
Processing by ProjectsController#index as HTML
  Rendering projects/index.html.erb within layouts/application
  [1m[36mProject Load (1.8ms)[0m  [1m[34mSELECT "projects".* FROM "projects"[0m
  Rendered projects/index.html.erb within layouts/application (31.3ms)
  [1m[36mUser Load (1.6ms)[0m  [1m[34mSELECT  "users".* FROM "users" WHERE "users"."id" = $1 ORDER BY "users"."id" ASC LIMIT $2[0m  [["id", 2], ["LIMIT", 1]]
  Rendered layouts/_navigation.html.erb (20.2ms)
  Rendered layouts/_messages.html.erb (2.5ms)
Completed 200 OK in 659ms (Views: 645.6ms | ActiveRecord: 3.4ms)


Started GET "/projects/new" for 127.0.0.1 at 2017-12-18 10:55:01 +0500
Processing by ProjectsController#new as HTML
  Rendering projects/new.html.erb within layouts/application
  Rendered projects/_form.html.erb (38.0ms)
  Rendered projects/new.html.erb within layouts/application (57.0ms)
  [1m[36mUser Load (1.6ms)[0m  [1m[34mSELECT  "users".* FROM "users" WHERE "users"."id" = $1 ORDER BY "users"."id" ASC LIMIT $2[0m  [["id", 2], ["LIMIT", 1]]
  Rendered layouts/_navigation.html.erb (15.8ms)
  Rendered layouts/_messages.html.erb (1.9ms)
Completed 200 OK in 659ms (Views: 648.6ms | ActiveRecord: 1.6ms)


Started POST "/projects" for 127.0.0.1 at 2017-12-18 11:09:51 +0500
Processing by ProjectsController#create as HTML
  Parameters: {"utf8"=>"✓", "authenticity_token"=>"QHkvihRbPWUzW7H7JkNK8wG86dSI+iEZQDuBeOqhyAwZYWT4EJ6gilwG/7XNi6BbSnYJq4F5qFQY8KWiJLokhw==", "project"=>{"name"=>"Smart Wallet", "category"=>"A", "description"=>"IOT project", "start_date"=>"", "end_date"=>"", "last_updated_at"=>""}, "commit"=>"Submit"}
Unpermitted parameter: :last_updated_at
  [1m[35m (2.2ms)[0m  [1m[35mBEGIN[0m
  [1m[35mSQL (75.3ms)[0m  [1m[32mINSERT INTO "projects" ("name", "description", "category", "created_at", "updated_at") VALUES ($1, $2, $3, $4, $5) RETURNING "id"[0m  [["name", "Smart Wallet"], ["description", "IOT project"], ["category", "A"], ["created_at", "2017-12-18 06:09:51.123799"], ["updated_at", "2017-12-18 06:09:51.123799"]]
  [1m[35m (4.0ms)[0m  [1m[35mCOMMIT[0m
Redirected to http://localhost:3000/projects/3
Completed 302 Found in 138ms (ActiveRecord: 81.6ms)


Started GET "/projects/3" for 127.0.0.1 at 2017-12-18 11:09:51 +0500
Processing by ProjectsController#show as HTML
  Parameters: {"id"=>"3"}
  [1m[36mProject Load (7.0ms)[0m  [1m[34mSELECT  "projects".* FROM "projects" WHERE "projects"."id" = $1 LIMIT $2[0m  [["id", 3], ["LIMIT", 1]]
  Rendering projects/show.html.erb within layouts/application
  Rendered projects/show.html.erb within layouts/application (4.5ms)
  [1m[36mUser Load (1.4ms)[0m  [1m[34mSELECT  "users".* FROM "users" WHERE "users"."id" = $1 ORDER BY "users"."id" ASC LIMIT $2[0m  [["id", 2], ["LIMIT", 1]]
  Rendered layouts/_navigation.html.erb (26.4ms)
  Rendered layouts/_messages.html.erb (5.1ms)
Completed 200 OK in 516ms (Views: 462.7ms | ActiveRecord: 9.4ms)


Started GET "/projects" for 127.0.0.1 at 2017-12-18 11:10:23 +0500
Processing by ProjectsController#index as HTML
  Rendering projects/index.html.erb within layouts/application
  [1m[36mProject Load (1.4ms)[0m  [1m[34mSELECT "projects".* FROM "projects"[0m
  Rendered projects/index.html.erb within layouts/application (28.6ms)
  [1m[36mUser Load (1.5ms)[0m  [1m[34mSELECT  "users".* FROM "users" WHERE "users"."id" = $1 ORDER BY "users"."id" ASC LIMIT $2[0m  [["id", 2], ["LIMIT", 1]]
  Rendered layouts/_navigation.html.erb (31.0ms)
  Rendered layouts/_messages.html.erb (1.5ms)
Completed 200 OK in 499ms (Views: 478.7ms | ActiveRecord: 2.9ms)


Started GET "/departments/new" for 127.0.0.1 at 2017-12-18 11:10:56 +0500
Processing by DepartmentsController#new as HTML
  Rendering departments/new.html.erb within layouts/application
  Rendered departments/_form.html.erb (15.2ms)
  Rendered departments/new.html.erb within layouts/application (24.7ms)
  [1m[36mUser Load (2.6ms)[0m  [1m[34mSELECT  "users".* FROM "users" WHERE "users"."id" = $1 ORDER BY "users"."id" ASC LIMIT $2[0m  [["id", 2], ["LIMIT", 1]]
  Rendered layouts/_navigation.html.erb (24.6ms)
  Rendered layouts/_messages.html.erb (3.4ms)
Completed 200 OK in 745ms (Views: 529.3ms | ActiveRecord: 33.7ms)


Started POST "/departments" for 127.0.0.1 at 2017-12-18 11:11:18 +0500
Processing by DepartmentsController#create as HTML
  Parameters: {"utf8"=>"✓", "authenticity_token"=>"9Py+m+qZvxFkwR/02XNCvG23BGTegtqaUilFyV9KgrkCCs5me9SywR8FY8Q9wOiuvqbS9zy9sCRkyzVdC8Awhw==", "department"=>{"name"=>"Math", "description"=>"cys", "company_id"=>"2"}, "commit"=>"Submit"}
  [1m[35m (2.5ms)[0m  [1m[35mBEGIN[0m
  [1m[36mCompany Load (43.1ms)[0m  [1m[34mSELECT  "companies".* FROM "companies" WHERE "companies"."id" = $1 LIMIT $2[0m  [["id", 2], ["LIMIT", 1]]
  [1m[35mSQL (40.1ms)[0m  [1m[32mINSERT INTO "departments" ("name", "description", "company_id", "created_at", "updated_at") VALUES ($1, $2, $3, $4, $5) RETURNING "id"[0m  [["name", "Math"], ["description", "cys"], ["company_id", 2], ["created_at", "2017-12-18 06:11:19.024274"], ["updated_at", "2017-12-18 06:11:19.024274"]]
  [1m[35m (3.2ms)[0m  [1m[35mCOMMIT[0m
Redirected to http://localhost:3000/departments/5
Completed 302 Found in 708ms (ActiveRecord: 151.6ms)


Started GET "/departments/5" for 127.0.0.1 at 2017-12-18 11:11:19 +0500
Processing by DepartmentsController#show as HTML
  Parameters: {"id"=>"5"}
  [1m[36mDepartment Load (1.4ms)[0m  [1m[34mSELECT  "departments".* FROM "departments" WHERE "departments"."id" = $1 LIMIT $2[0m  [["id", 5], ["LIMIT", 1]]
  Rendering departments/show.html.erb within layouts/application
  Rendered departments/show.html.erb within layouts/application (3.8ms)
  [1m[36mUser Load (1.8ms)[0m  [1m[34mSELECT  "users".* FROM "users" WHERE "users"."id" = $1 ORDER BY "users"."id" ASC LIMIT $2[0m  [["id", 2], ["LIMIT", 1]]
  Rendered layouts/_navigation.html.erb (14.0ms)
  Rendered layouts/_messages.html.erb (2.1ms)
Completed 200 OK in 547ms (Views: 515.7ms | ActiveRecord: 3.3ms)


Started GET "/departments" for 127.0.0.1 at 2017-12-18 11:11:34 +0500
Processing by DepartmentsController#index as HTML
  Rendering departments/index.html.erb within layouts/application
  [1m[36mDepartment Load (1.8ms)[0m  [1m[34mSELECT "departments".* FROM "departments"[0m
  Rendered departments/index.html.erb within layouts/application (39.0ms)
  [1m[36mUser Load (9.1ms)[0m  [1m[34mSELECT  "users".* FROM "users" WHERE "users"."id" = $1 ORDER BY "users"."id" ASC LIMIT $2[0m  [["id", 2], ["LIMIT", 1]]
  Rendered layouts/_navigation.html.erb (48.2ms)
  Rendered layouts/_messages.html.erb (1.9ms)
Completed 200 OK in 930ms (Views: 827.9ms | ActiveRecord: 10.9ms)


Started GET "/companies" for 127.0.0.1 at 2017-12-18 11:12:23 +0500
Processing by CompaniesController#index as HTML
  [1m[36mUser Load (3.0ms)[0m  [1m[34mSELECT  "users".* FROM "users" WHERE "users"."id" = $1 ORDER BY "users"."id" ASC LIMIT $2[0m  [["id", 2], ["LIMIT", 1]]
  Rendering companies/index.html.erb within layouts/application
  [1m[36mCompany Load (34.4ms)[0m  [1m[34mSELECT "companies".* FROM "companies" INNER JOIN "company_users" ON "companies"."id" = "company_users"."company_id" WHERE "company_users"."user_id" = $1[0m  [["user_id", 2]]
  Rendered companies/index.html.erb within layouts/application (131.9ms)
  Rendered layouts/_navigation.html.erb (9.0ms)
  Rendered layouts/_messages.html.erb (14.1ms)
Completed 200 OK in 1042ms (Views: 558.1ms | ActiveRecord: 72.2ms)


Started GET "/projects" for 127.0.0.1 at 2017-12-18 11:12:37 +0500
Processing by ProjectsController#index as HTML
  Rendering projects/index.html.erb within layouts/application
  [1m[36mProject Load (12.4ms)[0m  [1m[34mSELECT "projects".* FROM "projects"[0m
  Rendered projects/index.html.erb within layouts/application (40.4ms)
  [1m[36mUser Load (2.3ms)[0m  [1m[34mSELECT  "users".* FROM "users" WHERE "users"."id" = $1 ORDER BY "users"."id" ASC LIMIT $2[0m  [["id", 2], ["LIMIT", 1]]
  Rendered layouts/_navigation.html.erb (18.2ms)
  Rendered layouts/_messages.html.erb (1.6ms)
Completed 200 OK in 567ms (Views: 548.6ms | ActiveRecord: 14.6ms)


Started GET "/projects" for 127.0.0.1 at 2017-12-18 15:05:31 +0500
Processing by ProjectsController#index as HTML
  Rendering projects/index.html.erb within layouts/application
  [1m[36mProject Load (17.6ms)[0m  [1m[34mSELECT "projects".* FROM "projects"[0m
  Rendered projects/index.html.erb within layouts/application (38.7ms)
  [1m[36mUser Load (1.4ms)[0m  [1m[34mSELECT  "users".* FROM "users" WHERE "users"."id" = $1 ORDER BY "users"."id" ASC LIMIT $2[0m  [["id", 2], ["LIMIT", 1]]
  Rendered layouts/_navigation.html.erb (12.4ms)
  Rendered layouts/_messages.html.erb (2.3ms)
Completed 200 OK in 448ms (Views: 424.9ms | ActiveRecord: 19.1ms)


Started GET "/departments" for 127.0.0.1 at 2017-12-18 15:06:14 +0500
Processing by DepartmentsController#index as HTML
  Rendering departments/index.html.erb within layouts/application
  [1m[36mDepartment Load (1.1ms)[0m  [1m[34mSELECT "departments".* FROM "departments"[0m
  Rendered departments/index.html.erb within layouts/application (39.8ms)
  [1m[36mUser Load (1.5ms)[0m  [1m[34mSELECT  "users".* FROM "users" WHERE "users"."id" = $1 ORDER BY "users"."id" ASC LIMIT $2[0m  [["id", 2], ["LIMIT", 1]]
  Rendered layouts/_navigation.html.erb (12.9ms)
  Rendered layouts/_messages.html.erb (1.9ms)
Completed 200 OK in 621ms (Views: 609.8ms | ActiveRecord: 2.6ms)


Started GET "/projects" for 127.0.0.1 at 2018-01-10 17:49:19 +0500
  [1m[35m (46.8ms)[0m  [1m[34mSELECT "schema_migrations"."version" FROM "schema_migrations" ORDER BY "schema_migrations"."version" ASC[0m
  
ActionController::RoutingError (No route matches [GET] "/projects"):
  
actionpack (5.1.4) lib/action_dispatch/middleware/debug_exceptions.rb:63:in `call'
web-console (3.5.1) lib/web_console/middleware.rb:135:in `call_app'
web-console (3.5.1) lib/web_console/middleware.rb:28:in `block in call'
web-console (3.5.1) lib/web_console/middleware.rb:18:in `catch'
web-console (3.5.1) lib/web_console/middleware.rb:18:in `call'
actionpack (5.1.4) lib/action_dispatch/middleware/show_exceptions.rb:31:in `call'
railties (5.1.4) lib/rails/rack/logger.rb:36:in `call_app'
railties (5.1.4) lib/rails/rack/logger.rb:24:in `block in call'
activesupport (5.1.4) lib/active_support/tagged_logging.rb:69:in `block in tagged'
activesupport (5.1.4) lib/active_support/tagged_logging.rb:26:in `tagged'
activesupport (5.1.4) lib/active_support/tagged_logging.rb:69:in `tagged'
railties (5.1.4) lib/rails/rack/logger.rb:24:in `call'
sprockets-rails (3.2.1) lib/sprockets/rails/quiet_assets.rb:13:in `call'
actionpack (5.1.4) lib/action_dispatch/middleware/remote_ip.rb:79:in `call'
actionpack (5.1.4) lib/action_dispatch/middleware/request_id.rb:25:in `call'
rack (2.0.3) lib/rack/method_override.rb:22:in `call'
rack (2.0.3) lib/rack/runtime.rb:22:in `call'
activesupport (5.1.4) lib/active_support/cache/strategy/local_cache_middleware.rb:27:in `call'
actionpack (5.1.4) lib/action_dispatch/middleware/executor.rb:12:in `call'
actionpack (5.1.4) lib/action_dispatch/middleware/static.rb:125:in `call'
rack (2.0.3) lib/rack/sendfile.rb:111:in `call'
railties (5.1.4) lib/rails/engine.rb:522:in `call'
puma (3.10.0) lib/puma/configuration.rb:225:in `call'
puma (3.10.0) lib/puma/server.rb:605:in `handle_request'
puma (3.10.0) lib/puma/server.rb:437:in `process_client'
puma (3.10.0) lib/puma/server.rb:301:in `block in run'
puma (3.10.0) lib/puma/thread_pool.rb:120:in `block in spawn_thread'
Started GET "/project" for 127.0.0.1 at 2018-01-10 17:49:37 +0500
  
ActionController::RoutingError (No route matches [GET] "/project"):
  
actionpack (5.1.4) lib/action_dispatch/middleware/debug_exceptions.rb:63:in `call'
web-console (3.5.1) lib/web_console/middleware.rb:135:in `call_app'
web-console (3.5.1) lib/web_console/middleware.rb:28:in `block in call'
web-console (3.5.1) lib/web_console/middleware.rb:18:in `catch'
web-console (3.5.1) lib/web_console/middleware.rb:18:in `call'
actionpack (5.1.4) lib/action_dispatch/middleware/show_exceptions.rb:31:in `call'
railties (5.1.4) lib/rails/rack/logger.rb:36:in `call_app'
railties (5.1.4) lib/rails/rack/logger.rb:24:in `block in call'
activesupport (5.1.4) lib/active_support/tagged_logging.rb:69:in `block in tagged'
activesupport (5.1.4) lib/active_support/tagged_logging.rb:26:in `tagged'
activesupport (5.1.4) lib/active_support/tagged_logging.rb:69:in `tagged'
railties (5.1.4) lib/rails/rack/logger.rb:24:in `call'
sprockets-rails (3.2.1) lib/sprockets/rails/quiet_assets.rb:13:in `call'
actionpack (5.1.4) lib/action_dispatch/middleware/remote_ip.rb:79:in `call'
actionpack (5.1.4) lib/action_dispatch/middleware/request_id.rb:25:in `call'
rack (2.0.3) lib/rack/method_override.rb:22:in `call'
rack (2.0.3) lib/rack/runtime.rb:22:in `call'
activesupport (5.1.4) lib/active_support/cache/strategy/local_cache_middleware.rb:27:in `call'
actionpack (5.1.4) lib/action_dispatch/middleware/executor.rb:12:in `call'
actionpack (5.1.4) lib/action_dispatch/middleware/static.rb:125:in `call'
rack (2.0.3) lib/rack/sendfile.rb:111:in `call'
railties (5.1.4) lib/rails/engine.rb:522:in `call'
puma (3.10.0) lib/puma/configuration.rb:225:in `call'
puma (3.10.0) lib/puma/server.rb:605:in `handle_request'
puma (3.10.0) lib/puma/server.rb:437:in `process_client'
puma (3.10.0) lib/puma/server.rb:301:in `block in run'
puma (3.10.0) lib/puma/thread_pool.rb:120:in `block in spawn_thread'
Started GET "/departments" for 127.0.0.1 at 2018-01-10 17:49:45 +0500
  
ActionController::RoutingError (No route matches [GET] "/departments"):
  
actionpack (5.1.4) lib/action_dispatch/middleware/debug_exceptions.rb:63:in `call'
web-console (3.5.1) lib/web_console/middleware.rb:135:in `call_app'
web-console (3.5.1) lib/web_console/middleware.rb:28:in `block in call'
web-console (3.5.1) lib/web_console/middleware.rb:18:in `catch'
web-console (3.5.1) lib/web_console/middleware.rb:18:in `call'
actionpack (5.1.4) lib/action_dispatch/middleware/show_exceptions.rb:31:in `call'
railties (5.1.4) lib/rails/rack/logger.rb:36:in `call_app'
railties (5.1.4) lib/rails/rack/logger.rb:24:in `block in call'
activesupport (5.1.4) lib/active_support/tagged_logging.rb:69:in `block in tagged'
activesupport (5.1.4) lib/active_support/tagged_logging.rb:26:in `tagged'
activesupport (5.1.4) lib/active_support/tagged_logging.rb:69:in `tagged'
railties (5.1.4) lib/rails/rack/logger.rb:24:in `call'
sprockets-rails (3.2.1) lib/sprockets/rails/quiet_assets.rb:13:in `call'
actionpack (5.1.4) lib/action_dispatch/middleware/remote_ip.rb:79:in `call'
actionpack (5.1.4) lib/action_dispatch/middleware/request_id.rb:25:in `call'
rack (2.0.3) lib/rack/method_override.rb:22:in `call'
rack (2.0.3) lib/rack/runtime.rb:22:in `call'
activesupport (5.1.4) lib/active_support/cache/strategy/local_cache_middleware.rb:27:in `call'
actionpack (5.1.4) lib/action_dispatch/middleware/executor.rb:12:in `call'
actionpack (5.1.4) lib/action_dispatch/middleware/static.rb:125:in `call'
rack (2.0.3) lib/rack/sendfile.rb:111:in `call'
railties (5.1.4) lib/rails/engine.rb:522:in `call'
puma (3.10.0) lib/puma/configuration.rb:225:in `call'
puma (3.10.0) lib/puma/server.rb:605:in `handle_request'
puma (3.10.0) lib/puma/server.rb:437:in `process_client'
puma (3.10.0) lib/puma/server.rb:301:in `block in run'
puma (3.10.0) lib/puma/thread_pool.rb:120:in `block in spawn_thread'
Started GET "/" for 127.0.0.1 at 2018-01-10 17:50:11 +0500
Processing by VisitorsController#index as HTML
  Rendering visitors/index.html.erb within layouts/application
  [1m[36mUser Load (44.7ms)[0m  [1m[34mSELECT  "users".* FROM "users" WHERE "users"."id" = $1 ORDER BY "users"."id" ASC LIMIT $2[0m  [["id", 2], ["LIMIT", 1]]
  Rendered visitors/index.html.erb within layouts/application (19333.4ms)
  Rendered layouts/_navigation.html.erb (8.4ms)
  Rendered layouts/_messages.html.erb (1.7ms)
Completed 200 OK in 20822ms (Views: 20614.4ms | ActiveRecord: 167.6ms)


Started GET "/" for 127.0.0.1 at 2018-01-10 17:52:10 +0500
Processing by VisitorsController#index as HTML
  Rendering visitors/index.html.erb within layouts/application
  [1m[36mUser Load (1.9ms)[0m  [1m[34mSELECT  "users".* FROM "users" WHERE "users"."id" = $1 ORDER BY "users"."id" ASC LIMIT $2[0m  [["id", 2], ["LIMIT", 1]]
  Rendered visitors/index.html.erb within layouts/application (40.7ms)
  Rendered layouts/_navigation.html.erb (6.6ms)
  Rendered layouts/_messages.html.erb (1.6ms)
Completed 200 OK in 389ms (Views: 376.9ms | ActiveRecord: 1.9ms)


Started GET "/" for 127.0.0.1 at 2018-01-10 17:52:11 +0500
Processing by VisitorsController#index as HTML
  Rendering visitors/index.html.erb within layouts/application
  [1m[36mUser Load (2.5ms)[0m  [1m[34mSELECT  "users".* FROM "users" WHERE "users"."id" = $1 ORDER BY "users"."id" ASC LIMIT $2[0m  [["id", 2], ["LIMIT", 1]]
  Rendered visitors/index.html.erb within layouts/application (47.4ms)
  Rendered layouts/_navigation.html.erb (8.2ms)
  Rendered layouts/_messages.html.erb (2.2ms)
Completed 200 OK in 582ms (Views: 570.4ms | ActiveRecord: 2.5ms)


Started GET "/companies" for 127.0.0.1 at 2018-01-10 17:52:17 +0500
Processing by CompaniesController#index as HTML
  [1m[36mUser Load (15.3ms)[0m  [1m[34mSELECT  "users".* FROM "users" WHERE "users"."id" = $1 ORDER BY "users"."id" ASC LIMIT $2[0m  [["id", 2], ["LIMIT", 1]]
  Rendering companies/index.html.erb within layouts/application
  [1m[36mCompany Load (90.0ms)[0m  [1m[34mSELECT "companies".* FROM "companies" INNER JOIN "company_users" ON "companies"."id" = "company_users"."company_id" WHERE "company_users"."user_id" = $1[0m  [["user_id", 2]]
  Rendered companies/index.html.erb within layouts/application (264.5ms)
  Rendered layouts/_navigation.html.erb (18.8ms)
  Rendered layouts/_messages.html.erb (3.1ms)
Completed 200 OK in 1433ms (Views: 686.3ms | ActiveRecord: 168.2ms)


Started GET "/companies/departments" for 127.0.0.1 at 2018-01-10 17:52:29 +0500
Processing by CompaniesController#show as HTML
  Parameters: {"id"=>"departments"}
  [1m[36mCompany Load (8.6ms)[0m  [1m[34mSELECT  "companies".* FROM "companies" WHERE "companies"."id" = $1 LIMIT $2[0m  [["id", 0], ["LIMIT", 1]]
Completed 404 Not Found in 43ms (ActiveRecord: 9.4ms)



ActiveRecord::RecordNotFound - Couldn't find Company with 'id'=departments:
  app/controllers/companies_controller.rb:71:in `set_company'

Started POST "/__better_errors/1c10d61b342e3170/variables" for 127.0.0.1 at 2018-01-10 17:52:30 +0500
Started GET "/departments" for 127.0.0.1 at 2018-01-10 17:52:41 +0500
  
ActionController::RoutingError (No route matches [GET] "/departments"):
  
actionpack (5.1.4) lib/action_dispatch/middleware/debug_exceptions.rb:63:in `call'
web-console (3.5.1) lib/web_console/middleware.rb:135:in `call_app'
web-console (3.5.1) lib/web_console/middleware.rb:28:in `block in call'
web-console (3.5.1) lib/web_console/middleware.rb:18:in `catch'
web-console (3.5.1) lib/web_console/middleware.rb:18:in `call'
actionpack (5.1.4) lib/action_dispatch/middleware/show_exceptions.rb:31:in `call'
railties (5.1.4) lib/rails/rack/logger.rb:36:in `call_app'
railties (5.1.4) lib/rails/rack/logger.rb:24:in `block in call'
activesupport (5.1.4) lib/active_support/tagged_logging.rb:69:in `block in tagged'
activesupport (5.1.4) lib/active_support/tagged_logging.rb:26:in `tagged'
activesupport (5.1.4) lib/active_support/tagged_logging.rb:69:in `tagged'
railties (5.1.4) lib/rails/rack/logger.rb:24:in `call'
sprockets-rails (3.2.1) lib/sprockets/rails/quiet_assets.rb:13:in `call'
actionpack (5.1.4) lib/action_dispatch/middleware/remote_ip.rb:79:in `call'
actionpack (5.1.4) lib/action_dispatch/middleware/request_id.rb:25:in `call'
rack (2.0.3) lib/rack/method_override.rb:22:in `call'
rack (2.0.3) lib/rack/runtime.rb:22:in `call'
activesupport (5.1.4) lib/active_support/cache/strategy/local_cache_middleware.rb:27:in `call'
actionpack (5.1.4) lib/action_dispatch/middleware/executor.rb:12:in `call'
actionpack (5.1.4) lib/action_dispatch/middleware/static.rb:125:in `call'
rack (2.0.3) lib/rack/sendfile.rb:111:in `call'
railties (5.1.4) lib/rails/engine.rb:522:in `call'
puma (3.10.0) lib/puma/configuration.rb:225:in `call'
puma (3.10.0) lib/puma/server.rb:605:in `handle_request'
puma (3.10.0) lib/puma/server.rb:437:in `process_client'
puma (3.10.0) lib/puma/server.rb:301:in `block in run'
puma (3.10.0) lib/puma/thread_pool.rb:120:in `block in spawn_thread'
Started GET "/department" for 127.0.0.1 at 2018-01-10 17:53:00 +0500
  
ActionController::RoutingError (No route matches [GET] "/department"):
  
actionpack (5.1.4) lib/action_dispatch/middleware/debug_exceptions.rb:63:in `call'
web-console (3.5.1) lib/web_console/middleware.rb:135:in `call_app'
web-console (3.5.1) lib/web_console/middleware.rb:28:in `block in call'
web-console (3.5.1) lib/web_console/middleware.rb:18:in `catch'
web-console (3.5.1) lib/web_console/middleware.rb:18:in `call'
actionpack (5.1.4) lib/action_dispatch/middleware/show_exceptions.rb:31:in `call'
railties (5.1.4) lib/rails/rack/logger.rb:36:in `call_app'
railties (5.1.4) lib/rails/rack/logger.rb:24:in `block in call'
activesupport (5.1.4) lib/active_support/tagged_logging.rb:69:in `block in tagged'
activesupport (5.1.4) lib/active_support/tagged_logging.rb:26:in `tagged'
activesupport (5.1.4) lib/active_support/tagged_logging.rb:69:in `tagged'
railties (5.1.4) lib/rails/rack/logger.rb:24:in `call'
sprockets-rails (3.2.1) lib/sprockets/rails/quiet_assets.rb:13:in `call'
actionpack (5.1.4) lib/action_dispatch/middleware/remote_ip.rb:79:in `call'
actionpack (5.1.4) lib/action_dispatch/middleware/request_id.rb:25:in `call'
rack (2.0.3) lib/rack/method_override.rb:22:in `call'
rack (2.0.3) lib/rack/runtime.rb:22:in `call'
activesupport (5.1.4) lib/active_support/cache/strategy/local_cache_middleware.rb:27:in `call'
actionpack (5.1.4) lib/action_dispatch/middleware/executor.rb:12:in `call'
actionpack (5.1.4) lib/action_dispatch/middleware/static.rb:125:in `call'
rack (2.0.3) lib/rack/sendfile.rb:111:in `call'
railties (5.1.4) lib/rails/engine.rb:522:in `call'
puma (3.10.0) lib/puma/configuration.rb:225:in `call'
puma (3.10.0) lib/puma/server.rb:605:in `handle_request'
puma (3.10.0) lib/puma/server.rb:437:in `process_client'
puma (3.10.0) lib/puma/server.rb:301:in `block in run'
puma (3.10.0) lib/puma/thread_pool.rb:120:in `block in spawn_thread'
Started GET "/companies" for 127.0.0.1 at 2018-01-10 17:54:10 +0500
Processing by CompaniesController#index as HTML
  [1m[36mUser Load (3.1ms)[0m  [1m[34mSELECT  "users".* FROM "users" WHERE "users"."id" = $1 ORDER BY "users"."id" ASC LIMIT $2[0m  [["id", 2], ["LIMIT", 1]]
  Rendering companies/index.html.erb within layouts/application
  [1m[36mCompany Load (3.4ms)[0m  [1m[34mSELECT "companies".* FROM "companies" INNER JOIN "company_users" ON "companies"."id" = "company_users"."company_id" WHERE "company_users"."user_id" = $1[0m  [["user_id", 2]]
  Rendered companies/index.html.erb within layouts/application (57.3ms)
  Rendered layouts/_navigation.html.erb (7.5ms)
  Rendered layouts/_messages.html.erb (1.9ms)
Completed 200 OK in 946ms (Views: 865.5ms | ActiveRecord: 6.6ms)


Started GET "/companies/department" for 127.0.0.1 at 2018-01-10 17:54:22 +0500
Processing by CompaniesController#show as HTML
  Parameters: {"id"=>"department"}
  [1m[36mCompany Load (11.2ms)[0m  [1m[34mSELECT  "companies".* FROM "companies" WHERE "companies"."id" = $1 LIMIT $2[0m  [["id", 0], ["LIMIT", 1]]
Completed 404 Not Found in 37ms (ActiveRecord: 11.2ms)



ActiveRecord::RecordNotFound - Couldn't find Company with 'id'=department:
  app/controllers/companies_controller.rb:71:in `set_company'

Started POST "/__better_errors/7d6478c8ee1dd943/variables" for 127.0.0.1 at 2018-01-10 17:54:22 +0500
Started GET "/challenges" for 127.0.0.1 at 2018-01-10 17:54:37 +0500
  
ActionController::RoutingError (No route matches [GET] "/challenges"):
  
actionpack (5.1.4) lib/action_dispatch/middleware/debug_exceptions.rb:63:in `call'
web-console (3.5.1) lib/web_console/middleware.rb:135:in `call_app'
web-console (3.5.1) lib/web_console/middleware.rb:28:in `block in call'
web-console (3.5.1) lib/web_console/middleware.rb:18:in `catch'
web-console (3.5.1) lib/web_console/middleware.rb:18:in `call'
actionpack (5.1.4) lib/action_dispatch/middleware/show_exceptions.rb:31:in `call'
railties (5.1.4) lib/rails/rack/logger.rb:36:in `call_app'
railties (5.1.4) lib/rails/rack/logger.rb:24:in `block in call'
activesupport (5.1.4) lib/active_support/tagged_logging.rb:69:in `block in tagged'
activesupport (5.1.4) lib/active_support/tagged_logging.rb:26:in `tagged'
activesupport (5.1.4) lib/active_support/tagged_logging.rb:69:in `tagged'
railties (5.1.4) lib/rails/rack/logger.rb:24:in `call'
sprockets-rails (3.2.1) lib/sprockets/rails/quiet_assets.rb:13:in `call'
actionpack (5.1.4) lib/action_dispatch/middleware/remote_ip.rb:79:in `call'
actionpack (5.1.4) lib/action_dispatch/middleware/request_id.rb:25:in `call'
rack (2.0.3) lib/rack/method_override.rb:22:in `call'
rack (2.0.3) lib/rack/runtime.rb:22:in `call'
activesupport (5.1.4) lib/active_support/cache/strategy/local_cache_middleware.rb:27:in `call'
actionpack (5.1.4) lib/action_dispatch/middleware/executor.rb:12:in `call'
actionpack (5.1.4) lib/action_dispatch/middleware/static.rb:125:in `call'
rack (2.0.3) lib/rack/sendfile.rb:111:in `call'
railties (5.1.4) lib/rails/engine.rb:522:in `call'
puma (3.10.0) lib/puma/configuration.rb:225:in `call'
puma (3.10.0) lib/puma/server.rb:605:in `handle_request'
puma (3.10.0) lib/puma/server.rb:437:in `process_client'
puma (3.10.0) lib/puma/server.rb:301:in `block in run'
puma (3.10.0) lib/puma/thread_pool.rb:120:in `block in spawn_thread'
Started POST "/__better_errors/7d6478c8ee1dd943/variables" for 127.0.0.1 at 2018-01-10 17:57:42 +0500
Started GET "/companies/new" for 127.0.0.1 at 2018-01-10 17:57:47 +0500
Processing by CompaniesController#new as HTML
  Rendering companies/new.html.erb within layouts/application
  Rendered companies/_form.html.erb (20.9ms)
  Rendered companies/new.html.erb within layouts/application (25.6ms)
  [1m[36mUser Load (1.2ms)[0m  [1m[34mSELECT  "users".* FROM "users" WHERE "users"."id" = $1 ORDER BY "users"."id" ASC LIMIT $2[0m  [["id", 2], ["LIMIT", 1]]
  Rendered layouts/_navigation.html.erb (12.9ms)
  Rendered layouts/_messages.html.erb (2.0ms)
Completed 200 OK in 291ms (Views: 270.6ms | ActiveRecord: 1.2ms)


Started GET "/companies/new" for 127.0.0.1 at 2018-01-10 17:59:07 +0500
Processing by CompaniesController#new as HTML
  Rendering companies/new.html.erb within layouts/application
  Rendered companies/_form.html.erb (29.0ms)
  Rendered companies/new.html.erb within layouts/application (33.6ms)
  [1m[36mUser Load (1.5ms)[0m  [1m[34mSELECT  "users".* FROM "users" WHERE "users"."id" = $1 ORDER BY "users"."id" ASC LIMIT $2[0m  [["id", 2], ["LIMIT", 1]]
  Rendered layouts/_navigation.html.erb (26.5ms)
  Rendered layouts/_messages.html.erb (3.5ms)
Completed 200 OK in 535ms (Views: 525.5ms | ActiveRecord: 1.5ms)


Started POST "/companies" for 127.0.0.1 at 2018-01-10 17:59:35 +0500
Processing by CompaniesController#create as HTML
  Parameters: {"utf8"=>"✓", "authenticity_token"=>"hbcYn71JRkQ3uLnmzrhG+Fc5MwM38fO3Zs0O6ChAhcm8FI8L3y+N8jgllcOgJbod37ZvYNQqKaAy2HF+RENgPw==", "company"=>{"name"=>"abcsff", "category"=>"sd", "description"=>"sfsfsf", "ceo"=>"ddd", "location"=>"sfs", "email"=>"tkxel@company.pk", "contact_no"=>"sfdf"}, "commit"=>"Submit"}
  [1m[35m (1.2ms)[0m  [1m[35mBEGIN[0m
  [1m[35mSQL (47.5ms)[0m  [1m[32mINSERT INTO "companies" ("name", "description", "location", "contact_no", "email", "ceo", "category", "created_at", "updated_at") VALUES ($1, $2, $3, $4, $5, $6, $7, $8, $9) RETURNING "id"[0m  [["name", "abcsff"], ["description", "sfsfsf"], ["location", "sfs"], ["contact_no", "sfdf"], ["email", "tkxel@company.pk"], ["ceo", "ddd"], ["category", "sd"], ["created_at", "2018-01-10 12:59:35.714227"], ["updated_at", "2018-01-10 12:59:35.714227"]]
  [1m[35m (2.6ms)[0m  [1m[35mCOMMIT[0m
  [1m[36mUser Load (3.9ms)[0m  [1m[34mSELECT  "users".* FROM "users" WHERE "users"."id" = $1 ORDER BY "users"."id" ASC LIMIT $2[0m  [["id", 2], ["LIMIT", 1]]
  [1m[35m (0.7ms)[0m  [1m[35mBEGIN[0m
  [1m[36mUser Load (1.2ms)[0m  [1m[34mSELECT  "users".* FROM "users" WHERE "users"."id" = $1 LIMIT $2[0m  [["id", 2], ["LIMIT", 1]]
  [1m[35mSQL (7.0ms)[0m  [1m[32mINSERT INTO "company_users" ("user_id", "company_id", "created_at", "updated_at") VALUES ($1, $2, $3, $4) RETURNING "id"[0m  [["user_id", 2], ["company_id", 13], ["created_at", "2018-01-10 12:59:35.940161"], ["updated_at", "2018-01-10 12:59:35.940161"]]
  [1m[35m (3.2ms)[0m  [1m[35mCOMMIT[0m
Redirected to http://localhost:3000/companies/13/departments
Completed 302 Found in 257ms (ActiveRecord: 73.2ms)


Started GET "/companies/13/departments" for 127.0.0.1 at 2018-01-10 17:59:35 +0500
Processing by DepartmentsController#index as HTML
  Parameters: {"company_id"=>"13"}
  [1m[36mCompany Load (1.7ms)[0m  [1m[34mSELECT  "companies".* FROM "companies" WHERE "companies"."id" = $1 LIMIT $2[0m  [["id", 13], ["LIMIT", 1]]
  Rendering departments/index.html.erb within layouts/application
  [1m[36mDepartment Load (21.8ms)[0m  [1m[34mSELECT "departments".* FROM "departments" WHERE "departments"."company_id" = $1[0m  [["company_id", 13]]
  Rendered departments/index.html.erb within layouts/application (56.4ms)
  [1m[36mUser Load (2.9ms)[0m  [1m[34mSELECT  "users".* FROM "users" WHERE "users"."id" = $1 ORDER BY "users"."id" ASC LIMIT $2[0m  [["id", 2], ["LIMIT", 1]]
  Rendered layouts/_navigation.html.erb (15.4ms)
  Rendered layouts/_messages.html.erb (1.6ms)
Completed 200 OK in 474ms (Views: 380.4ms | ActiveRecord: 41.5ms)


Started GET "/companies/1/departments" for 127.0.0.1 at 2018-01-10 18:01:02 +0500
Processing by DepartmentsController#index as HTML
  Parameters: {"company_id"=>"1"}
  [1m[36mCompany Load (2.4ms)[0m  [1m[34mSELECT  "companies".* FROM "companies" WHERE "companies"."id" = $1 LIMIT $2[0m  [["id", 1], ["LIMIT", 1]]
  Rendering departments/index.html.erb within layouts/application
  [1m[36mDepartment Load (18.0ms)[0m  [1m[34mSELECT "departments".* FROM "departments" WHERE "departments"."company_id" = $1[0m  [["company_id", 1]]
  Rendered departments/index.html.erb within layouts/application (167.0ms)
  [1m[36mUser Load (2.1ms)[0m  [1m[34mSELECT  "users".* FROM "users" WHERE "users"."id" = $1 ORDER BY "users"."id" ASC LIMIT $2[0m  [["id", 2], ["LIMIT", 1]]
  Rendered layouts/_navigation.html.erb (15.0ms)
  Rendered layouts/_messages.html.erb (1.8ms)
Completed 200 OK in 710ms (Views: 644.9ms | ActiveRecord: 36.0ms)


Started GET "/companies/1/departments/1/" for 127.0.0.1 at 2018-01-10 18:01:10 +0500
  
ActionController::RoutingError (No route matches [GET] "/companies/1/departments/1"):
  
actionpack (5.1.4) lib/action_dispatch/middleware/debug_exceptions.rb:63:in `call'
web-console (3.5.1) lib/web_console/middleware.rb:135:in `call_app'
web-console (3.5.1) lib/web_console/middleware.rb:28:in `block in call'
web-console (3.5.1) lib/web_console/middleware.rb:18:in `catch'
web-console (3.5.1) lib/web_console/middleware.rb:18:in `call'
actionpack (5.1.4) lib/action_dispatch/middleware/show_exceptions.rb:31:in `call'
railties (5.1.4) lib/rails/rack/logger.rb:36:in `call_app'
railties (5.1.4) lib/rails/rack/logger.rb:24:in `block in call'
activesupport (5.1.4) lib/active_support/tagged_logging.rb:69:in `block in tagged'
activesupport (5.1.4) lib/active_support/tagged_logging.rb:26:in `tagged'
activesupport (5.1.4) lib/active_support/tagged_logging.rb:69:in `tagged'
railties (5.1.4) lib/rails/rack/logger.rb:24:in `call'
sprockets-rails (3.2.1) lib/sprockets/rails/quiet_assets.rb:13:in `call'
actionpack (5.1.4) lib/action_dispatch/middleware/remote_ip.rb:79:in `call'
actionpack (5.1.4) lib/action_dispatch/middleware/request_id.rb:25:in `call'
rack (2.0.3) lib/rack/method_override.rb:22:in `call'
rack (2.0.3) lib/rack/runtime.rb:22:in `call'
activesupport (5.1.4) lib/active_support/cache/strategy/local_cache_middleware.rb:27:in `call'
actionpack (5.1.4) lib/action_dispatch/middleware/executor.rb:12:in `call'
actionpack (5.1.4) lib/action_dispatch/middleware/static.rb:125:in `call'
rack (2.0.3) lib/rack/sendfile.rb:111:in `call'
railties (5.1.4) lib/rails/engine.rb:522:in `call'
puma (3.10.0) lib/puma/configuration.rb:225:in `call'
puma (3.10.0) lib/puma/server.rb:605:in `handle_request'
puma (3.10.0) lib/puma/server.rb:437:in `process_client'
puma (3.10.0) lib/puma/server.rb:301:in `block in run'
puma (3.10.0) lib/puma/thread_pool.rb:120:in `block in spawn_thread'
Started GET "/companies/1/departments/1/projects" for 127.0.0.1 at 2018-01-10 18:01:18 +0500
  
ActionController::RoutingError (No route matches [GET] "/companies/1/departments/1/projects"):
  
actionpack (5.1.4) lib/action_dispatch/middleware/debug_exceptions.rb:63:in `call'
web-console (3.5.1) lib/web_console/middleware.rb:135:in `call_app'
web-console (3.5.1) lib/web_console/middleware.rb:28:in `block in call'
web-console (3.5.1) lib/web_console/middleware.rb:18:in `catch'
web-console (3.5.1) lib/web_console/middleware.rb:18:in `call'
actionpack (5.1.4) lib/action_dispatch/middleware/show_exceptions.rb:31:in `call'
railties (5.1.4) lib/rails/rack/logger.rb:36:in `call_app'
railties (5.1.4) lib/rails/rack/logger.rb:24:in `block in call'
activesupport (5.1.4) lib/active_support/tagged_logging.rb:69:in `block in tagged'
activesupport (5.1.4) lib/active_support/tagged_logging.rb:26:in `tagged'
activesupport (5.1.4) lib/active_support/tagged_logging.rb:69:in `tagged'
railties (5.1.4) lib/rails/rack/logger.rb:24:in `call'
sprockets-rails (3.2.1) lib/sprockets/rails/quiet_assets.rb:13:in `call'
actionpack (5.1.4) lib/action_dispatch/middleware/remote_ip.rb:79:in `call'
actionpack (5.1.4) lib/action_dispatch/middleware/request_id.rb:25:in `call'
rack (2.0.3) lib/rack/method_override.rb:22:in `call'
rack (2.0.3) lib/rack/runtime.rb:22:in `call'
activesupport (5.1.4) lib/active_support/cache/strategy/local_cache_middleware.rb:27:in `call'
actionpack (5.1.4) lib/action_dispatch/middleware/executor.rb:12:in `call'
actionpack (5.1.4) lib/action_dispatch/middleware/static.rb:125:in `call'
rack (2.0.3) lib/rack/sendfile.rb:111:in `call'
railties (5.1.4) lib/rails/engine.rb:522:in `call'
puma (3.10.0) lib/puma/configuration.rb:225:in `call'
puma (3.10.0) lib/puma/server.rb:605:in `handle_request'
puma (3.10.0) lib/puma/server.rb:437:in `process_client'
puma (3.10.0) lib/puma/server.rb:301:in `block in run'
puma (3.10.0) lib/puma/thread_pool.rb:120:in `block in spawn_thread'
Started GET "/companies/1/departments" for 127.0.0.1 at 2018-01-10 18:01:59 +0500
Processing by DepartmentsController#index as HTML
  Parameters: {"company_id"=>"1"}
  [1m[36mCompany Load (5.7ms)[0m  [1m[34mSELECT  "companies".* FROM "companies" WHERE "companies"."id" = $1 LIMIT $2[0m  [["id", 1], ["LIMIT", 1]]
  Rendering departments/index.html.erb within layouts/application
  [1m[36mDepartment Load (2.3ms)[0m  [1m[34mSELECT "departments".* FROM "departments" WHERE "departments"."company_id" = $1[0m  [["company_id", 1]]
  Rendered departments/index.html.erb within layouts/application (23.8ms)
  [1m[36mUser Load (8.5ms)[0m  [1m[34mSELECT  "users".* FROM "users" WHERE "users"."id" = $1 ORDER BY "users"."id" ASC LIMIT $2[0m  [["id", 2], ["LIMIT", 1]]
  Rendered layouts/_navigation.html.erb (28.5ms)
  Rendered layouts/_messages.html.erb (6.3ms)
Completed 200 OK in 821ms (Views: 745.9ms | ActiveRecord: 16.5ms)


Started GET "/companies/1/departments/new" for 127.0.0.1 at 2018-01-10 18:02:10 +0500
Processing by DepartmentsController#new as HTML
  Parameters: {"company_id"=>"1"}
  [1m[36mCompany Load (2.2ms)[0m  [1m[34mSELECT  "companies".* FROM "companies" WHERE "companies"."id" = $1 LIMIT $2[0m  [["id", 1], ["LIMIT", 1]]
  Rendering departments/new.html.erb within layouts/application
  Rendered departments/_form.html.erb (38.8ms)
  Rendered departments/new.html.erb within layouts/application (59.2ms)
  [1m[36mUser Load (1.4ms)[0m  [1m[34mSELECT  "users".* FROM "users" WHERE "users"."id" = $1 ORDER BY "users"."id" ASC LIMIT $2[0m  [["id", 2], ["LIMIT", 1]]
  Rendered layouts/_navigation.html.erb (11.8ms)
  Rendered layouts/_messages.html.erb (3.0ms)
Completed 200 OK in 432ms (Views: 413.5ms | ActiveRecord: 3.6ms)


Started POST "/companies/1/departments" for 127.0.0.1 at 2018-01-10 18:02:20 +0500
Processing by DepartmentsController#create as HTML
  Parameters: {"utf8"=>"✓", "authenticity_token"=>"U+hparfIDPOBnyowEpSX7d5FFMSyo0eKFdqg1dKUqVRiGaVEgD8KoaJrL0y7EEAvBWjnjtpMp786hvwSIMwgOQ==", "department"=>{"name"=>"dev", "description"=>"fsf"}, "commit"=>"Submit", "company_id"=>"1"}
  [1m[36mCompany Load (1.4ms)[0m  [1m[34mSELECT  "companies".* FROM "companies" WHERE "companies"."id" = $1 LIMIT $2[0m  [["id", 1], ["LIMIT", 1]]
  [1m[35m (1.9ms)[0m  [1m[35mBEGIN[0m
  [1m[35mSQL (21.2ms)[0m  [1m[32mINSERT INTO "departments" ("name", "description", "company_id", "created_at", "updated_at") VALUES ($1, $2, $3, $4, $5) RETURNING "id"[0m  [["name", "dev"], ["description", "fsf"], ["company_id", 1], ["created_at", "2018-01-10 13:02:20.807318"], ["updated_at", "2018-01-10 13:02:20.807318"]]
  [1m[35m (3.0ms)[0m  [1m[35mCOMMIT[0m
Redirected to http://localhost:3000/departments/6/projects
Completed 302 Found in 76ms (ActiveRecord: 27.5ms)


Started GET "/departments/6/projects" for 127.0.0.1 at 2018-01-10 18:02:20 +0500
Processing by ProjectsController#index as HTML
  Parameters: {"department_id"=>"6"}
  [1m[36mDepartment Load (4.2ms)[0m  [1m[34mSELECT  "departments".* FROM "departments" WHERE "departments"."id" = $1 LIMIT $2[0m  [["id", 6], ["LIMIT", 1]]
  Rendering projects/index.html.erb within layouts/application
  [1m[36mProject Load (23.1ms)[0m  [1m[34mSELECT "projects".* FROM "projects" WHERE "projects"."department_id" = $1[0m  [["department_id", 6]]
  Rendered projects/index.html.erb within layouts/application (85.6ms)
  [1m[36mUser Load (6.5ms)[0m  [1m[34mSELECT  "users".* FROM "users" WHERE "users"."id" = $1 ORDER BY "users"."id" ASC LIMIT $2[0m  [["id", 2], ["LIMIT", 1]]
  Rendered layouts/_navigation.html.erb (21.0ms)
  Rendered layouts/_messages.html.erb (5.4ms)
Completed 200 OK in 711ms (Views: 514.8ms | ActiveRecord: 47.2ms)


Started GET "/departments/6/projects" for 127.0.0.1 at 2018-01-10 18:08:05 +0500
Processing by ProjectsController#index as HTML
  Parameters: {"department_id"=>"6"}
  [1m[36mDepartment Load (1.3ms)[0m  [1m[34mSELECT  "departments".* FROM "departments" WHERE "departments"."id" = $1 LIMIT $2[0m  [["id", 6], ["LIMIT", 1]]
  Rendering projects/index.html.erb within layouts/application
  [1m[36mProject Load (1.0ms)[0m  [1m[34mSELECT "projects".* FROM "projects" WHERE "projects"."department_id" = $1[0m  [["department_id", 6]]
  Rendered projects/index.html.erb within layouts/application (8.7ms)
  [1m[36mUser Load (8.4ms)[0m  [1m[34mSELECT  "users".* FROM "users" WHERE "users"."id" = $1 ORDER BY "users"."id" ASC LIMIT $2[0m  [["id", 2], ["LIMIT", 1]]
  Rendered layouts/_navigation.html.erb (26.2ms)
  Rendered layouts/_messages.html.erb (2.6ms)
Completed 200 OK in 446ms (Views: 417.8ms | ActiveRecord: 10.7ms)


Started GET "/departments/6/projects" for 127.0.0.1 at 2018-01-10 18:13:06 +0500
Processing by ProjectsController#index as HTML
  Parameters: {"department_id"=>"6"}
  [1m[36mDepartment Load (1.2ms)[0m  [1m[34mSELECT  "departments".* FROM "departments" WHERE "departments"."id" = $1 LIMIT $2[0m  [["id", 6], ["LIMIT", 1]]
  Rendering projects/index.html.erb within layouts/application
  [1m[36mProject Load (1.1ms)[0m  [1m[34mSELECT "projects".* FROM "projects" WHERE "projects"."department_id" = $1[0m  [["department_id", 6]]
  Rendered projects/index.html.erb within layouts/application (11.0ms)
  [1m[36mUser Load (2.4ms)[0m  [1m[34mSELECT  "users".* FROM "users" WHERE "users"."id" = $1 ORDER BY "users"."id" ASC LIMIT $2[0m  [["id", 2], ["LIMIT", 1]]
  Rendered layouts/_navigation.html.erb (19.6ms)
  Rendered layouts/_messages.html.erb (1.9ms)
Completed 200 OK in 465ms (Views: 442.4ms | ActiveRecord: 4.8ms)


